INFO [2015-12-08 17:18:38] [[1]]
INFO [2015-12-08 17:18:38] split_sp
INFO [2015-12-08 17:18:38] 
INFO [2015-12-08 17:18:38] $filename
INFO [2015-12-08 17:18:38] NULL
INFO [2015-12-08 17:18:38] 
INFO [2015-12-08 17:18:38] $scaled
INFO [2015-12-08 17:18:38] T
INFO [2015-12-08 17:18:38] 
INFO [2015-12-08 17:18:38] $main
INFO [2015-12-08 17:18:38] unique(splist[[x]]$Hummingbird)
INFO [2015-12-08 17:18:38] 
INFO [2015-12-08 17:18:38] $fill
INFO [2015-12-08 17:18:38] c("Red", "Blue")
INFO [2015-12-08 17:18:38] 
INFO [2015-12-08 17:18:38] $alpha
INFO [2015-12-08 17:18:38] [1] 0.5
INFO [2015-12-08 17:18:38] 
INFO [2015-12-08 17:18:38] $cat.cex
INFO [2015-12-08 17:18:38] [1] 1.5
INFO [2015-12-08 17:18:38] 
INFO [2015-12-08 17:18:38] $cex
INFO [2015-12-08 17:18:38] [1] 0.75
INFO [2015-12-08 17:18:38] 
INFO [2015-12-08 17:18:38] $main.cex
INFO [2015-12-08 17:18:38] [1] 2
INFO [2015-12-08 17:18:38] 
