INFO [2015-12-08 19:01:49] [[1]]
INFO [2015-12-08 19:01:49] split_sp
INFO [2015-12-08 19:01:49] 
INFO [2015-12-08 19:01:49] $filename
INFO [2015-12-08 19:01:49] NULL
INFO [2015-12-08 19:01:49] 
INFO [2015-12-08 19:01:49] $scaled
INFO [2015-12-08 19:01:49] T
INFO [2015-12-08 19:01:49] 
INFO [2015-12-08 19:01:49] $main
INFO [2015-12-08 19:01:49] unique(splist[[x]]$Hummingbird)
INFO [2015-12-08 19:01:49] 
INFO [2015-12-08 19:01:49] $fill
INFO [2015-12-08 19:01:49] c("Blue", "Red")
INFO [2015-12-08 19:01:49] 
INFO [2015-12-08 19:01:49] $alpha
INFO [2015-12-08 19:01:49] c(0.25, 0.75)
INFO [2015-12-08 19:01:49] 
INFO [2015-12-08 19:01:49] $cat.cex
INFO [2015-12-08 19:01:49] [1] 1.5
INFO [2015-12-08 19:01:49] 
INFO [2015-12-08 19:01:49] $cex
INFO [2015-12-08 19:01:49] [1] 0.75
INFO [2015-12-08 19:01:49] 
INFO [2015-12-08 19:01:49] $main.cex
INFO [2015-12-08 19:01:49] [1] 2
INFO [2015-12-08 19:01:49] 
