INFO [2015-12-08 19:01:44] [[1]]
INFO [2015-12-08 19:01:44] split_sp
INFO [2015-12-08 19:01:44] 
INFO [2015-12-08 19:01:44] $filename
INFO [2015-12-08 19:01:44] NULL
INFO [2015-12-08 19:01:44] 
INFO [2015-12-08 19:01:44] $scaled
INFO [2015-12-08 19:01:44] T
INFO [2015-12-08 19:01:44] 
INFO [2015-12-08 19:01:44] $main
INFO [2015-12-08 19:01:44] unique(splist[[x]]$Hummingbird)
INFO [2015-12-08 19:01:44] 
INFO [2015-12-08 19:01:44] $fill
INFO [2015-12-08 19:01:44] c("Blue", "Red")
INFO [2015-12-08 19:01:44] 
INFO [2015-12-08 19:01:44] $alpha
INFO [2015-12-08 19:01:44] c(0.25, 0.75)
INFO [2015-12-08 19:01:44] 
INFO [2015-12-08 19:01:44] $cat.cex
INFO [2015-12-08 19:01:44] [1] 1.5
INFO [2015-12-08 19:01:44] 
INFO [2015-12-08 19:01:44] $cex
INFO [2015-12-08 19:01:44] [1] 0.75
INFO [2015-12-08 19:01:44] 
INFO [2015-12-08 19:01:44] $main.cex
INFO [2015-12-08 19:01:44] [1] 2
INFO [2015-12-08 19:01:44] 
INFO [2015-12-08 19:01:44] [[1]]
INFO [2015-12-08 19:01:44] split_sp
INFO [2015-12-08 19:01:44] 
INFO [2015-12-08 19:01:44] $filename
INFO [2015-12-08 19:01:44] NULL
INFO [2015-12-08 19:01:44] 
INFO [2015-12-08 19:01:44] $scaled
INFO [2015-12-08 19:01:44] T
INFO [2015-12-08 19:01:44] 
INFO [2015-12-08 19:01:44] $main
INFO [2015-12-08 19:01:44] unique(splist[[x]]$Hummingbird)
INFO [2015-12-08 19:01:44] 
INFO [2015-12-08 19:01:44] $fill
INFO [2015-12-08 19:01:44] c("Blue", "Red")
INFO [2015-12-08 19:01:44] 
INFO [2015-12-08 19:01:44] $alpha
INFO [2015-12-08 19:01:44] c(0.25, 0.75)
INFO [2015-12-08 19:01:44] 
INFO [2015-12-08 19:01:44] $cat.cex
INFO [2015-12-08 19:01:44] [1] 1.5
INFO [2015-12-08 19:01:44] 
INFO [2015-12-08 19:01:44] $cex
INFO [2015-12-08 19:01:44] [1] 0.75
INFO [2015-12-08 19:01:44] 
INFO [2015-12-08 19:01:44] $main.cex
INFO [2015-12-08 19:01:44] [1] 2
INFO [2015-12-08 19:01:44] 
