INFO [2015-12-08 18:39:56] [[1]]
INFO [2015-12-08 18:39:56] split_sp
INFO [2015-12-08 18:39:56] 
INFO [2015-12-08 18:39:56] $filename
INFO [2015-12-08 18:39:56] NULL
INFO [2015-12-08 18:39:56] 
INFO [2015-12-08 18:39:56] $scaled
INFO [2015-12-08 18:39:56] T
INFO [2015-12-08 18:39:56] 
INFO [2015-12-08 18:39:56] $main
INFO [2015-12-08 18:39:56] unique(splist[[x]]$Hummingbird)
INFO [2015-12-08 18:39:56] 
INFO [2015-12-08 18:39:56] $fill
INFO [2015-12-08 18:39:56] c("Red", "Blue")
INFO [2015-12-08 18:39:56] 
INFO [2015-12-08 18:39:56] $alpha
INFO [2015-12-08 18:39:56] [1] 0.5
INFO [2015-12-08 18:39:56] 
INFO [2015-12-08 18:39:56] $cat.cex
INFO [2015-12-08 18:39:56] [1] 1.5
INFO [2015-12-08 18:39:56] 
INFO [2015-12-08 18:39:56] $cex
INFO [2015-12-08 18:39:56] [1] 0.75
INFO [2015-12-08 18:39:56] 
INFO [2015-12-08 18:39:56] $main.cex
INFO [2015-12-08 18:39:56] [1] 2
INFO [2015-12-08 18:39:56] 
INFO [2015-12-08 18:39:56] [[1]]
INFO [2015-12-08 18:39:56] split_sp
INFO [2015-12-08 18:39:56] 
INFO [2015-12-08 18:39:56] $filename
INFO [2015-12-08 18:39:56] NULL
INFO [2015-12-08 18:39:56] 
INFO [2015-12-08 18:39:56] $scaled
INFO [2015-12-08 18:39:56] T
INFO [2015-12-08 18:39:56] 
INFO [2015-12-08 18:39:56] $main
INFO [2015-12-08 18:39:56] unique(splist[[x]]$Hummingbird)
INFO [2015-12-08 18:39:56] 
INFO [2015-12-08 18:39:56] $fill
INFO [2015-12-08 18:39:56] c("Red", "Blue")
INFO [2015-12-08 18:39:56] 
INFO [2015-12-08 18:39:56] $alpha
INFO [2015-12-08 18:39:56] [1] 0.5
INFO [2015-12-08 18:39:56] 
INFO [2015-12-08 18:39:56] $cat.cex
INFO [2015-12-08 18:39:56] [1] 1.5
INFO [2015-12-08 18:39:56] 
INFO [2015-12-08 18:39:56] $cex
INFO [2015-12-08 18:39:56] [1] 0.75
INFO [2015-12-08 18:39:56] 
INFO [2015-12-08 18:39:56] $main.cex
INFO [2015-12-08 18:39:56] [1] 2
INFO [2015-12-08 18:39:56] 
