INFO [2015-12-08 17:18:27] [[1]]
INFO [2015-12-08 17:18:27] split_sp
INFO [2015-12-08 17:18:27] 
INFO [2015-12-08 17:18:27] $filename
INFO [2015-12-08 17:18:27] NULL
INFO [2015-12-08 17:18:27] 
INFO [2015-12-08 17:18:27] $scaled
INFO [2015-12-08 17:18:27] T
INFO [2015-12-08 17:18:27] 
INFO [2015-12-08 17:18:27] $main
INFO [2015-12-08 17:18:27] unique(splist[[x]]$Hummingbird)
INFO [2015-12-08 17:18:27] 
INFO [2015-12-08 17:18:27] $fill
INFO [2015-12-08 17:18:27] c("Red", "Blue")
INFO [2015-12-08 17:18:27] 
INFO [2015-12-08 17:18:27] $alpha
INFO [2015-12-08 17:18:27] [1] 0.5
INFO [2015-12-08 17:18:27] 
INFO [2015-12-08 17:18:27] $cat.cex
INFO [2015-12-08 17:18:27] [1] 1.5
INFO [2015-12-08 17:18:27] 
INFO [2015-12-08 17:18:27] $cex
INFO [2015-12-08 17:18:27] [1] 0.75
INFO [2015-12-08 17:18:27] 
INFO [2015-12-08 17:18:27] $main.cex
INFO [2015-12-08 17:18:27] [1] 2
INFO [2015-12-08 17:18:27] 
