INFO [2015-12-08 17:13:03] [[1]]
INFO [2015-12-08 17:13:03] split_sp
INFO [2015-12-08 17:13:03] 
INFO [2015-12-08 17:13:03] $filename
INFO [2015-12-08 17:13:03] NULL
INFO [2015-12-08 17:13:03] 
INFO [2015-12-08 17:13:03] $scaled
INFO [2015-12-08 17:13:03] T
INFO [2015-12-08 17:13:03] 
INFO [2015-12-08 17:13:03] $main
INFO [2015-12-08 17:13:03] unique(splist[[x]]$Hummingbird)
INFO [2015-12-08 17:13:03] 
INFO [2015-12-08 17:13:03] $fill
INFO [2015-12-08 17:13:03] c("Red", "Blue")
INFO [2015-12-08 17:13:03] 
INFO [2015-12-08 17:13:03] $alpha
INFO [2015-12-08 17:13:03] [1] 0.5
INFO [2015-12-08 17:13:03] 
INFO [2015-12-08 17:13:03] $cat.cex
INFO [2015-12-08 17:13:03] [1] 0.5
INFO [2015-12-08 17:13:03] 
INFO [2015-12-08 17:13:03] $cex
INFO [2015-12-08 17:13:03] [1] 0.5
INFO [2015-12-08 17:13:03] 
