INFO [2015-12-08 18:44:24] [[1]]
INFO [2015-12-08 18:44:24] split_sp
INFO [2015-12-08 18:44:24] 
INFO [2015-12-08 18:44:24] $filename
INFO [2015-12-08 18:44:24] NULL
INFO [2015-12-08 18:44:24] 
INFO [2015-12-08 18:44:24] $scaled
INFO [2015-12-08 18:44:24] T
INFO [2015-12-08 18:44:24] 
INFO [2015-12-08 18:44:24] $main
INFO [2015-12-08 18:44:24] unique(splist[[x]]$Hummingbird)
INFO [2015-12-08 18:44:24] 
INFO [2015-12-08 18:44:24] $fill
INFO [2015-12-08 18:44:24] c("Red", "Blue")
INFO [2015-12-08 18:44:24] 
INFO [2015-12-08 18:44:24] $alpha
INFO [2015-12-08 18:44:24] [1] 0.5
INFO [2015-12-08 18:44:24] 
INFO [2015-12-08 18:44:24] $cat.cex
INFO [2015-12-08 18:44:24] [1] 1.5
INFO [2015-12-08 18:44:24] 
INFO [2015-12-08 18:44:24] $cex
INFO [2015-12-08 18:44:24] [1] 0.75
INFO [2015-12-08 18:44:24] 
INFO [2015-12-08 18:44:24] $main.cex
INFO [2015-12-08 18:44:24] [1] 2
INFO [2015-12-08 18:44:24] 
