INFO [2015-12-08 17:13:07] [[1]]
INFO [2015-12-08 17:13:07] split_sp
INFO [2015-12-08 17:13:07] 
INFO [2015-12-08 17:13:07] $filename
INFO [2015-12-08 17:13:07] NULL
INFO [2015-12-08 17:13:07] 
INFO [2015-12-08 17:13:07] $scaled
INFO [2015-12-08 17:13:07] T
INFO [2015-12-08 17:13:07] 
INFO [2015-12-08 17:13:07] $main
INFO [2015-12-08 17:13:07] unique(splist[[x]]$Hummingbird)
INFO [2015-12-08 17:13:07] 
INFO [2015-12-08 17:13:07] $fill
INFO [2015-12-08 17:13:07] c("Red", "Blue")
INFO [2015-12-08 17:13:07] 
INFO [2015-12-08 17:13:07] $alpha
INFO [2015-12-08 17:13:07] [1] 0.5
INFO [2015-12-08 17:13:07] 
INFO [2015-12-08 17:13:07] $cat.cex
INFO [2015-12-08 17:13:07] [1] 0.5
INFO [2015-12-08 17:13:07] 
INFO [2015-12-08 17:13:07] $cex
INFO [2015-12-08 17:13:07] [1] 0.5
INFO [2015-12-08 17:13:07] 
