INFO [2015-12-08 18:39:55] [[1]]
INFO [2015-12-08 18:39:55] split_sp
INFO [2015-12-08 18:39:55] 
INFO [2015-12-08 18:39:55] $filename
INFO [2015-12-08 18:39:55] NULL
INFO [2015-12-08 18:39:55] 
INFO [2015-12-08 18:39:55] $scaled
INFO [2015-12-08 18:39:55] T
INFO [2015-12-08 18:39:55] 
INFO [2015-12-08 18:39:55] $main
INFO [2015-12-08 18:39:55] unique(splist[[x]]$Hummingbird)
INFO [2015-12-08 18:39:55] 
INFO [2015-12-08 18:39:55] $fill
INFO [2015-12-08 18:39:55] c("Red", "Blue")
INFO [2015-12-08 18:39:55] 
INFO [2015-12-08 18:39:55] $alpha
INFO [2015-12-08 18:39:55] [1] 0.5
INFO [2015-12-08 18:39:55] 
INFO [2015-12-08 18:39:55] $cat.cex
INFO [2015-12-08 18:39:55] [1] 1.5
INFO [2015-12-08 18:39:55] 
INFO [2015-12-08 18:39:55] $cex
INFO [2015-12-08 18:39:55] [1] 0.75
INFO [2015-12-08 18:39:55] 
INFO [2015-12-08 18:39:55] $main.cex
INFO [2015-12-08 18:39:55] [1] 2
INFO [2015-12-08 18:39:55] 
