INFO [2015-12-08 16:57:46] [[1]]
INFO [2015-12-08 16:57:46] split_sp
INFO [2015-12-08 16:57:46] 
INFO [2015-12-08 16:57:46] $filename
INFO [2015-12-08 16:57:46] NULL
INFO [2015-12-08 16:57:46] 
INFO [2015-12-08 16:57:46] $scaled
INFO [2015-12-08 16:57:46] T
INFO [2015-12-08 16:57:46] 
INFO [2015-12-08 16:57:46] $main
INFO [2015-12-08 16:57:46] unique(splist[[x]]$Hummingbird)
INFO [2015-12-08 16:57:46] 
INFO [2015-12-08 16:57:46] [[1]]
INFO [2015-12-08 16:57:46] split_sp
INFO [2015-12-08 16:57:46] 
INFO [2015-12-08 16:57:46] $filename
INFO [2015-12-08 16:57:46] NULL
INFO [2015-12-08 16:57:46] 
INFO [2015-12-08 16:57:46] $scaled
INFO [2015-12-08 16:57:46] T
INFO [2015-12-08 16:57:46] 
INFO [2015-12-08 16:57:46] $main
INFO [2015-12-08 16:57:46] unique(splist[[x]]$Hummingbird)
INFO [2015-12-08 16:57:46] 
