INFO [2015-12-08 17:12:43] [[1]]
INFO [2015-12-08 17:12:43] split_sp
INFO [2015-12-08 17:12:43] 
INFO [2015-12-08 17:12:43] $filename
INFO [2015-12-08 17:12:43] NULL
INFO [2015-12-08 17:12:43] 
INFO [2015-12-08 17:12:43] $scaled
INFO [2015-12-08 17:12:43] T
INFO [2015-12-08 17:12:43] 
INFO [2015-12-08 17:12:43] $main
INFO [2015-12-08 17:12:43] unique(splist[[x]]$Hummingbird)
INFO [2015-12-08 17:12:43] 
INFO [2015-12-08 17:12:43] $fill
INFO [2015-12-08 17:12:43] c("Red", "Blue")
INFO [2015-12-08 17:12:43] 
INFO [2015-12-08 17:12:43] $alpha
INFO [2015-12-08 17:12:43] [1] 0.5
INFO [2015-12-08 17:12:43] 
INFO [2015-12-08 17:12:43] $cat.cex
INFO [2015-12-08 17:12:43] [1] 1.5
INFO [2015-12-08 17:12:43] 
INFO [2015-12-08 17:12:43] $cex
INFO [2015-12-08 17:12:43] [1] 1.5
INFO [2015-12-08 17:12:43] 
