INFO [2015-12-08 18:20:03] [[1]]
INFO [2015-12-08 18:20:03] split_sp
INFO [2015-12-08 18:20:03] 
INFO [2015-12-08 18:20:03] $filename
INFO [2015-12-08 18:20:03] NULL
INFO [2015-12-08 18:20:03] 
INFO [2015-12-08 18:20:03] $scaled
INFO [2015-12-08 18:20:03] T
INFO [2015-12-08 18:20:03] 
INFO [2015-12-08 18:20:03] $main
INFO [2015-12-08 18:20:03] unique(splist[[x]]$Hummingbird)
INFO [2015-12-08 18:20:03] 
INFO [2015-12-08 18:20:03] $fill
INFO [2015-12-08 18:20:03] c("Red", "Blue")
INFO [2015-12-08 18:20:03] 
INFO [2015-12-08 18:20:03] $alpha
INFO [2015-12-08 18:20:03] [1] 0.5
INFO [2015-12-08 18:20:03] 
INFO [2015-12-08 18:20:03] $cat.cex
INFO [2015-12-08 18:20:03] [1] 1.5
INFO [2015-12-08 18:20:03] 
INFO [2015-12-08 18:20:03] $cex
INFO [2015-12-08 18:20:03] [1] 0.75
INFO [2015-12-08 18:20:03] 
INFO [2015-12-08 18:20:03] $main.cex
INFO [2015-12-08 18:20:03] [1] 2
INFO [2015-12-08 18:20:03] 
