INFO [2015-12-08 17:13:29] [[1]]
INFO [2015-12-08 17:13:29] split_sp
INFO [2015-12-08 17:13:29] 
INFO [2015-12-08 17:13:29] $filename
INFO [2015-12-08 17:13:29] NULL
INFO [2015-12-08 17:13:29] 
INFO [2015-12-08 17:13:29] $scaled
INFO [2015-12-08 17:13:29] T
INFO [2015-12-08 17:13:29] 
INFO [2015-12-08 17:13:29] $main
INFO [2015-12-08 17:13:29] unique(splist[[x]]$Hummingbird)
INFO [2015-12-08 17:13:29] 
INFO [2015-12-08 17:13:29] $fill
INFO [2015-12-08 17:13:29] c("Red", "Blue")
INFO [2015-12-08 17:13:29] 
INFO [2015-12-08 17:13:29] $alpha
INFO [2015-12-08 17:13:29] [1] 0.5
INFO [2015-12-08 17:13:29] 
INFO [2015-12-08 17:13:29] $cat.cex
INFO [2015-12-08 17:13:29] [1] 0.5
INFO [2015-12-08 17:13:29] 
INFO [2015-12-08 17:13:29] $cex
INFO [2015-12-08 17:13:29] [1] 1
INFO [2015-12-08 17:13:29] 
