INFO [2015-12-08 17:17:15] [[1]]
INFO [2015-12-08 17:17:15] split_sp
INFO [2015-12-08 17:17:15] 
INFO [2015-12-08 17:17:15] $filename
INFO [2015-12-08 17:17:15] NULL
INFO [2015-12-08 17:17:15] 
INFO [2015-12-08 17:17:15] $scaled
INFO [2015-12-08 17:17:15] T
INFO [2015-12-08 17:17:15] 
INFO [2015-12-08 17:17:15] $main
INFO [2015-12-08 17:17:15] unique(splist[[x]]$Hummingbird)
INFO [2015-12-08 17:17:15] 
INFO [2015-12-08 17:17:15] $fill
INFO [2015-12-08 17:17:15] c("Red", "Blue")
INFO [2015-12-08 17:17:15] 
INFO [2015-12-08 17:17:15] $alpha
INFO [2015-12-08 17:17:15] [1] 0.5
INFO [2015-12-08 17:17:15] 
INFO [2015-12-08 17:17:15] $cat.cex
INFO [2015-12-08 17:17:15] [1] 1.5
INFO [2015-12-08 17:17:15] 
INFO [2015-12-08 17:17:15] $cex
INFO [2015-12-08 17:17:15] [1] 0.5
INFO [2015-12-08 17:17:15] 
INFO [2015-12-08 17:17:15] $main.cex
INFO [2015-12-08 17:17:15] [1] 2
INFO [2015-12-08 17:17:15] 
