INFO [2015-12-08 17:13:06] [[1]]
INFO [2015-12-08 17:13:06] split_sp
INFO [2015-12-08 17:13:06] 
INFO [2015-12-08 17:13:06] $filename
INFO [2015-12-08 17:13:06] NULL
INFO [2015-12-08 17:13:06] 
INFO [2015-12-08 17:13:06] $scaled
INFO [2015-12-08 17:13:06] T
INFO [2015-12-08 17:13:06] 
INFO [2015-12-08 17:13:06] $main
INFO [2015-12-08 17:13:06] unique(splist[[x]]$Hummingbird)
INFO [2015-12-08 17:13:06] 
INFO [2015-12-08 17:13:06] $fill
INFO [2015-12-08 17:13:06] c("Red", "Blue")
INFO [2015-12-08 17:13:06] 
INFO [2015-12-08 17:13:06] $alpha
INFO [2015-12-08 17:13:06] [1] 0.5
INFO [2015-12-08 17:13:06] 
INFO [2015-12-08 17:13:06] $cat.cex
INFO [2015-12-08 17:13:06] [1] 0.5
INFO [2015-12-08 17:13:06] 
INFO [2015-12-08 17:13:06] $cex
INFO [2015-12-08 17:13:06] [1] 0.5
INFO [2015-12-08 17:13:06] 
INFO [2015-12-08 17:13:06] [[1]]
INFO [2015-12-08 17:13:06] split_sp
INFO [2015-12-08 17:13:06] 
INFO [2015-12-08 17:13:06] $filename
INFO [2015-12-08 17:13:06] NULL
INFO [2015-12-08 17:13:06] 
INFO [2015-12-08 17:13:06] $scaled
INFO [2015-12-08 17:13:06] T
INFO [2015-12-08 17:13:06] 
INFO [2015-12-08 17:13:06] $main
INFO [2015-12-08 17:13:06] unique(splist[[x]]$Hummingbird)
INFO [2015-12-08 17:13:06] 
INFO [2015-12-08 17:13:06] $fill
INFO [2015-12-08 17:13:06] c("Red", "Blue")
INFO [2015-12-08 17:13:06] 
INFO [2015-12-08 17:13:06] $alpha
INFO [2015-12-08 17:13:06] [1] 0.5
INFO [2015-12-08 17:13:06] 
INFO [2015-12-08 17:13:06] $cat.cex
INFO [2015-12-08 17:13:06] [1] 0.5
INFO [2015-12-08 17:13:06] 
INFO [2015-12-08 17:13:06] $cex
INFO [2015-12-08 17:13:06] [1] 0.5
INFO [2015-12-08 17:13:06] 
