INFO [2015-12-08 17:41:05] [[1]]
INFO [2015-12-08 17:41:05] split_sp
INFO [2015-12-08 17:41:05] 
INFO [2015-12-08 17:41:05] $filename
INFO [2015-12-08 17:41:05] NULL
INFO [2015-12-08 17:41:05] 
INFO [2015-12-08 17:41:05] $scaled
INFO [2015-12-08 17:41:05] T
INFO [2015-12-08 17:41:05] 
INFO [2015-12-08 17:41:05] $main
INFO [2015-12-08 17:41:05] unique(splist[[x]]$Hummingbird)
INFO [2015-12-08 17:41:05] 
INFO [2015-12-08 17:41:05] $fill
INFO [2015-12-08 17:41:05] c("Red", "Blue")
INFO [2015-12-08 17:41:05] 
INFO [2015-12-08 17:41:05] $alpha
INFO [2015-12-08 17:41:05] [1] 0.5
INFO [2015-12-08 17:41:05] 
INFO [2015-12-08 17:41:05] $cat.cex
INFO [2015-12-08 17:41:05] [1] 1.5
INFO [2015-12-08 17:41:05] 
INFO [2015-12-08 17:41:05] $cex
INFO [2015-12-08 17:41:05] [1] 0.75
INFO [2015-12-08 17:41:05] 
INFO [2015-12-08 17:41:05] $main.cex
INFO [2015-12-08 17:41:05] [1] 2
INFO [2015-12-08 17:41:05] 
