INFO [2015-12-08 17:41:40] [[1]]
INFO [2015-12-08 17:41:40] split_sp
INFO [2015-12-08 17:41:40] 
INFO [2015-12-08 17:41:40] $filename
INFO [2015-12-08 17:41:40] NULL
INFO [2015-12-08 17:41:40] 
INFO [2015-12-08 17:41:40] $scaled
INFO [2015-12-08 17:41:40] T
INFO [2015-12-08 17:41:40] 
INFO [2015-12-08 17:41:40] $main
INFO [2015-12-08 17:41:40] unique(splist[[x]]$Hummingbird)
INFO [2015-12-08 17:41:40] 
INFO [2015-12-08 17:41:40] $fill
INFO [2015-12-08 17:41:40] c("Red", "Blue")
INFO [2015-12-08 17:41:40] 
INFO [2015-12-08 17:41:40] $alpha
INFO [2015-12-08 17:41:40] [1] 0.5
INFO [2015-12-08 17:41:40] 
INFO [2015-12-08 17:41:40] $cat.cex
INFO [2015-12-08 17:41:40] [1] 1.5
INFO [2015-12-08 17:41:40] 
INFO [2015-12-08 17:41:40] $cex
INFO [2015-12-08 17:41:40] [1] 0.75
INFO [2015-12-08 17:41:40] 
INFO [2015-12-08 17:41:40] $main.cex
INFO [2015-12-08 17:41:40] [1] 2
INFO [2015-12-08 17:41:40] 
