INFO [2015-12-08 18:39:54] [[1]]
INFO [2015-12-08 18:39:54] split_sp
INFO [2015-12-08 18:39:54] 
INFO [2015-12-08 18:39:54] $filename
INFO [2015-12-08 18:39:54] NULL
INFO [2015-12-08 18:39:54] 
INFO [2015-12-08 18:39:54] $scaled
INFO [2015-12-08 18:39:54] T
INFO [2015-12-08 18:39:54] 
INFO [2015-12-08 18:39:54] $main
INFO [2015-12-08 18:39:54] unique(splist[[x]]$Hummingbird)
INFO [2015-12-08 18:39:54] 
INFO [2015-12-08 18:39:54] $fill
INFO [2015-12-08 18:39:54] c("Red", "Blue")
INFO [2015-12-08 18:39:54] 
INFO [2015-12-08 18:39:54] $alpha
INFO [2015-12-08 18:39:54] [1] 0.5
INFO [2015-12-08 18:39:54] 
INFO [2015-12-08 18:39:54] $cat.cex
INFO [2015-12-08 18:39:54] [1] 1.5
INFO [2015-12-08 18:39:54] 
INFO [2015-12-08 18:39:54] $cex
INFO [2015-12-08 18:39:54] [1] 0.75
INFO [2015-12-08 18:39:54] 
INFO [2015-12-08 18:39:54] $main.cex
INFO [2015-12-08 18:39:54] [1] 2
INFO [2015-12-08 18:39:54] 
