INFO [2015-12-08 17:15:22] [[1]]
INFO [2015-12-08 17:15:22] split_sp
INFO [2015-12-08 17:15:22] 
INFO [2015-12-08 17:15:22] $filename
INFO [2015-12-08 17:15:22] NULL
INFO [2015-12-08 17:15:22] 
INFO [2015-12-08 17:15:22] $scaled
INFO [2015-12-08 17:15:22] T
INFO [2015-12-08 17:15:22] 
INFO [2015-12-08 17:15:22] $main
INFO [2015-12-08 17:15:22] unique(splist[[x]]$Hummingbird)
INFO [2015-12-08 17:15:22] 
INFO [2015-12-08 17:15:22] $fill
INFO [2015-12-08 17:15:22] c("Red", "Blue")
INFO [2015-12-08 17:15:22] 
INFO [2015-12-08 17:15:22] $alpha
INFO [2015-12-08 17:15:22] [1] 0.5
INFO [2015-12-08 17:15:22] 
INFO [2015-12-08 17:15:22] $cat.cex
INFO [2015-12-08 17:15:22] [1] 0.5
INFO [2015-12-08 17:15:22] 
INFO [2015-12-08 17:15:22] $cex
INFO [2015-12-08 17:15:22] [1] 1.5
INFO [2015-12-08 17:15:22] 
