INFO [2015-12-08 17:13:09] [[1]]
INFO [2015-12-08 17:13:09] split_sp
INFO [2015-12-08 17:13:09] 
INFO [2015-12-08 17:13:09] $filename
INFO [2015-12-08 17:13:09] NULL
INFO [2015-12-08 17:13:09] 
INFO [2015-12-08 17:13:09] $scaled
INFO [2015-12-08 17:13:09] T
INFO [2015-12-08 17:13:09] 
INFO [2015-12-08 17:13:09] $main
INFO [2015-12-08 17:13:09] unique(splist[[x]]$Hummingbird)
INFO [2015-12-08 17:13:09] 
INFO [2015-12-08 17:13:09] $fill
INFO [2015-12-08 17:13:09] c("Red", "Blue")
INFO [2015-12-08 17:13:09] 
INFO [2015-12-08 17:13:09] $alpha
INFO [2015-12-08 17:13:09] [1] 0.5
INFO [2015-12-08 17:13:09] 
INFO [2015-12-08 17:13:09] $cat.cex
INFO [2015-12-08 17:13:09] [1] 0.5
INFO [2015-12-08 17:13:09] 
INFO [2015-12-08 17:13:09] $cex
INFO [2015-12-08 17:13:09] [1] 0.5
INFO [2015-12-08 17:13:09] 
