INFO [2015-12-08 17:12:48] [[1]]
INFO [2015-12-08 17:12:48] split_sp
INFO [2015-12-08 17:12:48] 
INFO [2015-12-08 17:12:48] $filename
INFO [2015-12-08 17:12:48] NULL
INFO [2015-12-08 17:12:48] 
INFO [2015-12-08 17:12:48] $scaled
INFO [2015-12-08 17:12:48] T
INFO [2015-12-08 17:12:48] 
INFO [2015-12-08 17:12:48] $main
INFO [2015-12-08 17:12:48] unique(splist[[x]]$Hummingbird)
INFO [2015-12-08 17:12:48] 
INFO [2015-12-08 17:12:48] $fill
INFO [2015-12-08 17:12:48] c("Red", "Blue")
INFO [2015-12-08 17:12:48] 
INFO [2015-12-08 17:12:48] $alpha
INFO [2015-12-08 17:12:48] [1] 0.5
INFO [2015-12-08 17:12:48] 
INFO [2015-12-08 17:12:48] $cat.cex
INFO [2015-12-08 17:12:48] [1] 1.5
INFO [2015-12-08 17:12:48] 
INFO [2015-12-08 17:12:48] $cex
INFO [2015-12-08 17:12:48] [1] 1.5
INFO [2015-12-08 17:12:48] 
