INFO [2015-12-08 16:57:41] [[1]]
INFO [2015-12-08 16:57:41] split_sp
INFO [2015-12-08 16:57:41] 
INFO [2015-12-08 16:57:41] $filename
INFO [2015-12-08 16:57:41] NULL
INFO [2015-12-08 16:57:41] 
INFO [2015-12-08 16:57:41] $scaled
INFO [2015-12-08 16:57:41] T
INFO [2015-12-08 16:57:41] 
INFO [2015-12-08 16:57:41] $main
INFO [2015-12-08 16:57:41] unique(splist[[x]]$Hummingbird)
INFO [2015-12-08 16:57:41] 
INFO [2015-12-08 16:57:41] [[1]]
INFO [2015-12-08 16:57:41] split_sp
INFO [2015-12-08 16:57:41] 
INFO [2015-12-08 16:57:41] $filename
INFO [2015-12-08 16:57:41] NULL
INFO [2015-12-08 16:57:41] 
INFO [2015-12-08 16:57:41] $scaled
INFO [2015-12-08 16:57:41] T
INFO [2015-12-08 16:57:41] 
INFO [2015-12-08 16:57:41] $main
INFO [2015-12-08 16:57:41] unique(splist[[x]]$Hummingbird)
INFO [2015-12-08 16:57:41] 
