INFO [2015-12-08 17:13:12] [[1]]
INFO [2015-12-08 17:13:12] split_sp
INFO [2015-12-08 17:13:12] 
INFO [2015-12-08 17:13:12] $filename
INFO [2015-12-08 17:13:12] NULL
INFO [2015-12-08 17:13:12] 
INFO [2015-12-08 17:13:12] $scaled
INFO [2015-12-08 17:13:12] T
INFO [2015-12-08 17:13:12] 
INFO [2015-12-08 17:13:12] $main
INFO [2015-12-08 17:13:12] unique(splist[[x]]$Hummingbird)
INFO [2015-12-08 17:13:12] 
INFO [2015-12-08 17:13:12] $fill
INFO [2015-12-08 17:13:12] c("Red", "Blue")
INFO [2015-12-08 17:13:12] 
INFO [2015-12-08 17:13:12] $alpha
INFO [2015-12-08 17:13:12] [1] 0.5
INFO [2015-12-08 17:13:12] 
INFO [2015-12-08 17:13:12] $cat.cex
INFO [2015-12-08 17:13:12] [1] 0.5
INFO [2015-12-08 17:13:12] 
INFO [2015-12-08 17:13:12] $cex
INFO [2015-12-08 17:13:12] [1] 0.5
INFO [2015-12-08 17:13:12] 
