INFO [2015-12-08 17:03:03] [[1]]
INFO [2015-12-08 17:03:03] split_sp
INFO [2015-12-08 17:03:03] 
INFO [2015-12-08 17:03:03] $filename
INFO [2015-12-08 17:03:03] NULL
INFO [2015-12-08 17:03:03] 
INFO [2015-12-08 17:03:03] $scaled
INFO [2015-12-08 17:03:03] T
INFO [2015-12-08 17:03:03] 
INFO [2015-12-08 17:03:03] $main
INFO [2015-12-08 17:03:03] unique(splist[[x]]$Hummingbird)
INFO [2015-12-08 17:03:03] 
INFO [2015-12-08 17:03:03] [[1]]
INFO [2015-12-08 17:03:03] split_sp
INFO [2015-12-08 17:03:03] 
INFO [2015-12-08 17:03:03] $filename
INFO [2015-12-08 17:03:03] NULL
INFO [2015-12-08 17:03:03] 
INFO [2015-12-08 17:03:03] $scaled
INFO [2015-12-08 17:03:03] T
INFO [2015-12-08 17:03:03] 
INFO [2015-12-08 17:03:03] $main
INFO [2015-12-08 17:03:03] unique(splist[[x]]$Hummingbird)
INFO [2015-12-08 17:03:03] 
