INFO [2015-12-08 17:13:05] [[1]]
INFO [2015-12-08 17:13:05] split_sp
INFO [2015-12-08 17:13:05] 
INFO [2015-12-08 17:13:05] $filename
INFO [2015-12-08 17:13:05] NULL
INFO [2015-12-08 17:13:05] 
INFO [2015-12-08 17:13:05] $scaled
INFO [2015-12-08 17:13:05] T
INFO [2015-12-08 17:13:05] 
INFO [2015-12-08 17:13:05] $main
INFO [2015-12-08 17:13:05] unique(splist[[x]]$Hummingbird)
INFO [2015-12-08 17:13:05] 
INFO [2015-12-08 17:13:05] $fill
INFO [2015-12-08 17:13:05] c("Red", "Blue")
INFO [2015-12-08 17:13:05] 
INFO [2015-12-08 17:13:05] $alpha
INFO [2015-12-08 17:13:05] [1] 0.5
INFO [2015-12-08 17:13:05] 
INFO [2015-12-08 17:13:05] $cat.cex
INFO [2015-12-08 17:13:05] [1] 0.5
INFO [2015-12-08 17:13:05] 
INFO [2015-12-08 17:13:05] $cex
INFO [2015-12-08 17:13:05] [1] 0.5
INFO [2015-12-08 17:13:05] 
