INFO [2015-12-08 16:55:11] [[1]]
INFO [2015-12-08 16:55:11] split_sp
INFO [2015-12-08 16:55:11] 
INFO [2015-12-08 16:55:11] $filename
INFO [2015-12-08 16:55:11] NULL
INFO [2015-12-08 16:55:11] 
INFO [2015-12-08 16:55:11] $scaled
INFO [2015-12-08 16:55:11] T
INFO [2015-12-08 16:55:11] 
INFO [2015-12-08 16:55:11] $main
INFO [2015-12-08 16:55:11] unique(splist[[x]]$Hummingbird)
INFO [2015-12-08 16:55:11] 
INFO [2015-12-08 16:55:11] [[1]]
INFO [2015-12-08 16:55:11] split_sp
INFO [2015-12-08 16:55:11] 
INFO [2015-12-08 16:55:11] $filename
INFO [2015-12-08 16:55:11] NULL
INFO [2015-12-08 16:55:11] 
INFO [2015-12-08 16:55:11] $scaled
INFO [2015-12-08 16:55:11] T
INFO [2015-12-08 16:55:11] 
INFO [2015-12-08 16:55:11] $main
INFO [2015-12-08 16:55:11] unique(splist[[x]]$Hummingbird)
INFO [2015-12-08 16:55:11] 
