INFO [2015-12-08 17:13:08] [[1]]
INFO [2015-12-08 17:13:08] split_sp
INFO [2015-12-08 17:13:08] 
INFO [2015-12-08 17:13:08] $filename
INFO [2015-12-08 17:13:08] NULL
INFO [2015-12-08 17:13:08] 
INFO [2015-12-08 17:13:08] $scaled
INFO [2015-12-08 17:13:08] T
INFO [2015-12-08 17:13:08] 
INFO [2015-12-08 17:13:08] $main
INFO [2015-12-08 17:13:08] unique(splist[[x]]$Hummingbird)
INFO [2015-12-08 17:13:08] 
INFO [2015-12-08 17:13:08] $fill
INFO [2015-12-08 17:13:08] c("Red", "Blue")
INFO [2015-12-08 17:13:08] 
INFO [2015-12-08 17:13:08] $alpha
INFO [2015-12-08 17:13:08] [1] 0.5
INFO [2015-12-08 17:13:08] 
INFO [2015-12-08 17:13:08] $cat.cex
INFO [2015-12-08 17:13:08] [1] 0.5
INFO [2015-12-08 17:13:08] 
INFO [2015-12-08 17:13:08] $cex
INFO [2015-12-08 17:13:08] [1] 0.5
INFO [2015-12-08 17:13:08] 
