INFO [2015-12-08 19:01:52] [[1]]
INFO [2015-12-08 19:01:52] split_sp
INFO [2015-12-08 19:01:52] 
INFO [2015-12-08 19:01:52] $filename
INFO [2015-12-08 19:01:52] NULL
INFO [2015-12-08 19:01:52] 
INFO [2015-12-08 19:01:52] $scaled
INFO [2015-12-08 19:01:52] T
INFO [2015-12-08 19:01:52] 
INFO [2015-12-08 19:01:52] $main
INFO [2015-12-08 19:01:52] unique(splist[[x]]$Hummingbird)
INFO [2015-12-08 19:01:52] 
INFO [2015-12-08 19:01:52] $fill
INFO [2015-12-08 19:01:52] c("Blue", "Red")
INFO [2015-12-08 19:01:52] 
INFO [2015-12-08 19:01:52] $alpha
INFO [2015-12-08 19:01:52] c(0.25, 0.75)
INFO [2015-12-08 19:01:52] 
INFO [2015-12-08 19:01:52] $cat.cex
INFO [2015-12-08 19:01:52] [1] 1.5
INFO [2015-12-08 19:01:52] 
INFO [2015-12-08 19:01:52] $cex
INFO [2015-12-08 19:01:52] [1] 0.75
INFO [2015-12-08 19:01:52] 
INFO [2015-12-08 19:01:52] $main.cex
INFO [2015-12-08 19:01:52] [1] 2
INFO [2015-12-08 19:01:52] 
