INFO [2015-12-08 17:41:02] [[1]]
INFO [2015-12-08 17:41:02] split_sp
INFO [2015-12-08 17:41:02] 
INFO [2015-12-08 17:41:02] $filename
INFO [2015-12-08 17:41:02] NULL
INFO [2015-12-08 17:41:02] 
INFO [2015-12-08 17:41:02] $scaled
INFO [2015-12-08 17:41:02] T
INFO [2015-12-08 17:41:02] 
INFO [2015-12-08 17:41:02] $main
INFO [2015-12-08 17:41:02] unique(splist[[x]]$Hummingbird)
INFO [2015-12-08 17:41:02] 
INFO [2015-12-08 17:41:02] $fill
INFO [2015-12-08 17:41:02] c("Red", "Blue")
INFO [2015-12-08 17:41:02] 
INFO [2015-12-08 17:41:02] $alpha
INFO [2015-12-08 17:41:02] [1] 0.5
INFO [2015-12-08 17:41:02] 
INFO [2015-12-08 17:41:02] $cat.cex
INFO [2015-12-08 17:41:02] [1] 1.5
INFO [2015-12-08 17:41:02] 
INFO [2015-12-08 17:41:02] $cex
INFO [2015-12-08 17:41:02] [1] 0.75
INFO [2015-12-08 17:41:02] 
INFO [2015-12-08 17:41:02] $main.cex
INFO [2015-12-08 17:41:02] [1] 2
INFO [2015-12-08 17:41:02] 
