INFO [2015-12-08 17:12:44] [[1]]
INFO [2015-12-08 17:12:44] split_sp
INFO [2015-12-08 17:12:44] 
INFO [2015-12-08 17:12:44] $filename
INFO [2015-12-08 17:12:44] NULL
INFO [2015-12-08 17:12:44] 
INFO [2015-12-08 17:12:44] $scaled
INFO [2015-12-08 17:12:44] T
INFO [2015-12-08 17:12:44] 
INFO [2015-12-08 17:12:44] $main
INFO [2015-12-08 17:12:44] unique(splist[[x]]$Hummingbird)
INFO [2015-12-08 17:12:44] 
INFO [2015-12-08 17:12:44] $fill
INFO [2015-12-08 17:12:44] c("Red", "Blue")
INFO [2015-12-08 17:12:44] 
INFO [2015-12-08 17:12:44] $alpha
INFO [2015-12-08 17:12:44] [1] 0.5
INFO [2015-12-08 17:12:44] 
INFO [2015-12-08 17:12:44] $cat.cex
INFO [2015-12-08 17:12:44] [1] 1.5
INFO [2015-12-08 17:12:44] 
INFO [2015-12-08 17:12:44] $cex
INFO [2015-12-08 17:12:44] [1] 1.5
INFO [2015-12-08 17:12:44] 
