INFO [2015-12-08 18:20:22] [[1]]
INFO [2015-12-08 18:20:22] split_sp
INFO [2015-12-08 18:20:22] 
INFO [2015-12-08 18:20:22] $filename
INFO [2015-12-08 18:20:22] NULL
INFO [2015-12-08 18:20:22] 
INFO [2015-12-08 18:20:22] $scaled
INFO [2015-12-08 18:20:22] T
INFO [2015-12-08 18:20:22] 
INFO [2015-12-08 18:20:22] $main
INFO [2015-12-08 18:20:22] unique(splist[[x]]$Hummingbird)
INFO [2015-12-08 18:20:22] 
INFO [2015-12-08 18:20:22] $fill
INFO [2015-12-08 18:20:22] c("Red", "Blue")
INFO [2015-12-08 18:20:22] 
INFO [2015-12-08 18:20:22] $alpha
INFO [2015-12-08 18:20:22] [1] 0.5
INFO [2015-12-08 18:20:22] 
INFO [2015-12-08 18:20:22] $cat.cex
INFO [2015-12-08 18:20:22] [1] 1.5
INFO [2015-12-08 18:20:22] 
INFO [2015-12-08 18:20:22] $cex
INFO [2015-12-08 18:20:22] [1] 0.75
INFO [2015-12-08 18:20:22] 
INFO [2015-12-08 18:20:22] $main.cex
INFO [2015-12-08 18:20:22] [1] 2
INFO [2015-12-08 18:20:22] 
