INFO [2015-12-08 17:12:49] [[1]]
INFO [2015-12-08 17:12:49] split_sp
INFO [2015-12-08 17:12:49] 
INFO [2015-12-08 17:12:49] $filename
INFO [2015-12-08 17:12:49] NULL
INFO [2015-12-08 17:12:49] 
INFO [2015-12-08 17:12:49] $scaled
INFO [2015-12-08 17:12:49] T
INFO [2015-12-08 17:12:49] 
INFO [2015-12-08 17:12:49] $main
INFO [2015-12-08 17:12:49] unique(splist[[x]]$Hummingbird)
INFO [2015-12-08 17:12:49] 
INFO [2015-12-08 17:12:49] $fill
INFO [2015-12-08 17:12:49] c("Red", "Blue")
INFO [2015-12-08 17:12:49] 
INFO [2015-12-08 17:12:49] $alpha
INFO [2015-12-08 17:12:49] [1] 0.5
INFO [2015-12-08 17:12:49] 
INFO [2015-12-08 17:12:49] $cat.cex
INFO [2015-12-08 17:12:49] [1] 1.5
INFO [2015-12-08 17:12:49] 
INFO [2015-12-08 17:12:49] $cex
INFO [2015-12-08 17:12:49] [1] 1.5
INFO [2015-12-08 17:12:49] 
