INFO [2015-12-08 16:55:39] [[1]]
INFO [2015-12-08 16:55:39] split_sp
INFO [2015-12-08 16:55:39] 
INFO [2015-12-08 16:55:39] $filename
INFO [2015-12-08 16:55:39] NULL
INFO [2015-12-08 16:55:39] 
INFO [2015-12-08 16:55:39] $scaled
INFO [2015-12-08 16:55:39] T
INFO [2015-12-08 16:55:39] 
INFO [2015-12-08 16:55:39] $main
INFO [2015-12-08 16:55:39] unique(splist[[x]]$Hummingbird)
INFO [2015-12-08 16:55:39] 
INFO [2015-12-08 16:55:39] [[1]]
INFO [2015-12-08 16:55:39] split_sp
INFO [2015-12-08 16:55:39] 
INFO [2015-12-08 16:55:39] $filename
INFO [2015-12-08 16:55:39] NULL
INFO [2015-12-08 16:55:39] 
INFO [2015-12-08 16:55:39] $scaled
INFO [2015-12-08 16:55:39] T
INFO [2015-12-08 16:55:39] 
INFO [2015-12-08 16:55:39] $main
INFO [2015-12-08 16:55:39] unique(splist[[x]]$Hummingbird)
INFO [2015-12-08 16:55:39] 
