INFO [2015-12-08 17:18:35] [[1]]
INFO [2015-12-08 17:18:35] split_sp
INFO [2015-12-08 17:18:35] 
INFO [2015-12-08 17:18:35] $filename
INFO [2015-12-08 17:18:35] NULL
INFO [2015-12-08 17:18:35] 
INFO [2015-12-08 17:18:35] $scaled
INFO [2015-12-08 17:18:35] T
INFO [2015-12-08 17:18:35] 
INFO [2015-12-08 17:18:35] $main
INFO [2015-12-08 17:18:35] unique(splist[[x]]$Hummingbird)
INFO [2015-12-08 17:18:35] 
INFO [2015-12-08 17:18:35] $fill
INFO [2015-12-08 17:18:35] c("Red", "Blue")
INFO [2015-12-08 17:18:35] 
INFO [2015-12-08 17:18:35] $alpha
INFO [2015-12-08 17:18:35] [1] 0.5
INFO [2015-12-08 17:18:35] 
INFO [2015-12-08 17:18:35] $cat.cex
INFO [2015-12-08 17:18:35] [1] 1.5
INFO [2015-12-08 17:18:35] 
INFO [2015-12-08 17:18:35] $cex
INFO [2015-12-08 17:18:35] [1] 0.75
INFO [2015-12-08 17:18:35] 
INFO [2015-12-08 17:18:35] $main.cex
INFO [2015-12-08 17:18:35] [1] 2
INFO [2015-12-08 17:18:35] 
