INFO [2015-12-08 18:42:11] [[1]]
INFO [2015-12-08 18:42:11] split_sp
INFO [2015-12-08 18:42:11] 
INFO [2015-12-08 18:42:11] $filename
INFO [2015-12-08 18:42:11] NULL
INFO [2015-12-08 18:42:11] 
INFO [2015-12-08 18:42:11] $scaled
INFO [2015-12-08 18:42:11] T
INFO [2015-12-08 18:42:11] 
INFO [2015-12-08 18:42:11] $main
INFO [2015-12-08 18:42:11] unique(splist[[x]]$Hummingbird)
INFO [2015-12-08 18:42:11] 
INFO [2015-12-08 18:42:11] $fill
INFO [2015-12-08 18:42:11] c("Red", "Blue")
INFO [2015-12-08 18:42:11] 
INFO [2015-12-08 18:42:11] $alpha
INFO [2015-12-08 18:42:11] [1] 0.5
INFO [2015-12-08 18:42:11] 
INFO [2015-12-08 18:42:11] $cat.cex
INFO [2015-12-08 18:42:11] [1] 1.5
INFO [2015-12-08 18:42:11] 
INFO [2015-12-08 18:42:11] $cex
INFO [2015-12-08 18:42:11] [1] 0.5
INFO [2015-12-08 18:42:11] 
INFO [2015-12-08 18:42:11] $main.cex
INFO [2015-12-08 18:42:11] [1] 2
INFO [2015-12-08 18:42:11] 
