INFO [2015-12-08 19:01:46] [[1]]
INFO [2015-12-08 19:01:46] split_sp
INFO [2015-12-08 19:01:46] 
INFO [2015-12-08 19:01:46] $filename
INFO [2015-12-08 19:01:46] NULL
INFO [2015-12-08 19:01:46] 
INFO [2015-12-08 19:01:46] $scaled
INFO [2015-12-08 19:01:46] T
INFO [2015-12-08 19:01:46] 
INFO [2015-12-08 19:01:46] $main
INFO [2015-12-08 19:01:46] unique(splist[[x]]$Hummingbird)
INFO [2015-12-08 19:01:46] 
INFO [2015-12-08 19:01:46] $fill
INFO [2015-12-08 19:01:46] c("Blue", "Red")
INFO [2015-12-08 19:01:46] 
INFO [2015-12-08 19:01:46] $alpha
INFO [2015-12-08 19:01:46] c(0.25, 0.75)
INFO [2015-12-08 19:01:46] 
INFO [2015-12-08 19:01:46] $cat.cex
INFO [2015-12-08 19:01:46] [1] 1.5
INFO [2015-12-08 19:01:46] 
INFO [2015-12-08 19:01:46] $cex
INFO [2015-12-08 19:01:46] [1] 0.75
INFO [2015-12-08 19:01:46] 
INFO [2015-12-08 19:01:46] $main.cex
INFO [2015-12-08 19:01:46] [1] 2
INFO [2015-12-08 19:01:46] 
