INFO [2015-12-08 17:18:31] [[1]]
INFO [2015-12-08 17:18:31] split_sp
INFO [2015-12-08 17:18:31] 
INFO [2015-12-08 17:18:31] $filename
INFO [2015-12-08 17:18:31] NULL
INFO [2015-12-08 17:18:31] 
INFO [2015-12-08 17:18:31] $scaled
INFO [2015-12-08 17:18:31] T
INFO [2015-12-08 17:18:31] 
INFO [2015-12-08 17:18:31] $main
INFO [2015-12-08 17:18:31] unique(splist[[x]]$Hummingbird)
INFO [2015-12-08 17:18:31] 
INFO [2015-12-08 17:18:31] $fill
INFO [2015-12-08 17:18:31] c("Red", "Blue")
INFO [2015-12-08 17:18:31] 
INFO [2015-12-08 17:18:31] $alpha
INFO [2015-12-08 17:18:31] [1] 0.5
INFO [2015-12-08 17:18:31] 
INFO [2015-12-08 17:18:31] $cat.cex
INFO [2015-12-08 17:18:31] [1] 1.5
INFO [2015-12-08 17:18:31] 
INFO [2015-12-08 17:18:31] $cex
INFO [2015-12-08 17:18:31] [1] 0.75
INFO [2015-12-08 17:18:31] 
INFO [2015-12-08 17:18:31] $main.cex
INFO [2015-12-08 17:18:31] [1] 2
INFO [2015-12-08 17:18:31] 
