INFO [2015-12-08 18:42:16] [[1]]
INFO [2015-12-08 18:42:16] split_sp
INFO [2015-12-08 18:42:16] 
INFO [2015-12-08 18:42:16] $filename
INFO [2015-12-08 18:42:16] NULL
INFO [2015-12-08 18:42:16] 
INFO [2015-12-08 18:42:16] $scaled
INFO [2015-12-08 18:42:16] T
INFO [2015-12-08 18:42:16] 
INFO [2015-12-08 18:42:16] $main
INFO [2015-12-08 18:42:16] unique(splist[[x]]$Hummingbird)
INFO [2015-12-08 18:42:16] 
INFO [2015-12-08 18:42:16] $fill
INFO [2015-12-08 18:42:16] c("Red", "Blue")
INFO [2015-12-08 18:42:16] 
INFO [2015-12-08 18:42:16] $alpha
INFO [2015-12-08 18:42:16] [1] 0.5
INFO [2015-12-08 18:42:16] 
INFO [2015-12-08 18:42:16] $cat.cex
INFO [2015-12-08 18:42:16] [1] 1.5
INFO [2015-12-08 18:42:16] 
INFO [2015-12-08 18:42:16] $cex
INFO [2015-12-08 18:42:16] [1] 0.5
INFO [2015-12-08 18:42:16] 
INFO [2015-12-08 18:42:16] $main.cex
INFO [2015-12-08 18:42:16] [1] 2
INFO [2015-12-08 18:42:16] 
