INFO [2015-12-08 17:13:31] [[1]]
INFO [2015-12-08 17:13:31] split_sp
INFO [2015-12-08 17:13:31] 
INFO [2015-12-08 17:13:31] $filename
INFO [2015-12-08 17:13:31] NULL
INFO [2015-12-08 17:13:31] 
INFO [2015-12-08 17:13:31] $scaled
INFO [2015-12-08 17:13:31] T
INFO [2015-12-08 17:13:31] 
INFO [2015-12-08 17:13:31] $main
INFO [2015-12-08 17:13:31] unique(splist[[x]]$Hummingbird)
INFO [2015-12-08 17:13:31] 
INFO [2015-12-08 17:13:31] $fill
INFO [2015-12-08 17:13:31] c("Red", "Blue")
INFO [2015-12-08 17:13:31] 
INFO [2015-12-08 17:13:31] $alpha
INFO [2015-12-08 17:13:31] [1] 0.5
INFO [2015-12-08 17:13:31] 
INFO [2015-12-08 17:13:31] $cat.cex
INFO [2015-12-08 17:13:31] [1] 0.5
INFO [2015-12-08 17:13:31] 
INFO [2015-12-08 17:13:31] $cex
INFO [2015-12-08 17:13:31] [1] 1
INFO [2015-12-08 17:13:31] 
