INFO [2015-12-08 17:13:01] [[1]]
INFO [2015-12-08 17:13:01] split_sp
INFO [2015-12-08 17:13:01] 
INFO [2015-12-08 17:13:01] $filename
INFO [2015-12-08 17:13:01] NULL
INFO [2015-12-08 17:13:01] 
INFO [2015-12-08 17:13:01] $scaled
INFO [2015-12-08 17:13:01] T
INFO [2015-12-08 17:13:01] 
INFO [2015-12-08 17:13:01] $main
INFO [2015-12-08 17:13:01] unique(splist[[x]]$Hummingbird)
INFO [2015-12-08 17:13:01] 
INFO [2015-12-08 17:13:01] $fill
INFO [2015-12-08 17:13:01] c("Red", "Blue")
INFO [2015-12-08 17:13:01] 
INFO [2015-12-08 17:13:01] $alpha
INFO [2015-12-08 17:13:01] [1] 0.5
INFO [2015-12-08 17:13:01] 
INFO [2015-12-08 17:13:01] $cat.cex
INFO [2015-12-08 17:13:01] [1] 0.5
INFO [2015-12-08 17:13:01] 
INFO [2015-12-08 17:13:01] $cex
INFO [2015-12-08 17:13:01] [1] 0.5
INFO [2015-12-08 17:13:01] 
