INFO [2015-12-08 18:42:14] [[1]]
INFO [2015-12-08 18:42:14] split_sp
INFO [2015-12-08 18:42:14] 
INFO [2015-12-08 18:42:14] $filename
INFO [2015-12-08 18:42:14] NULL
INFO [2015-12-08 18:42:14] 
INFO [2015-12-08 18:42:14] $scaled
INFO [2015-12-08 18:42:14] T
INFO [2015-12-08 18:42:14] 
INFO [2015-12-08 18:42:14] $main
INFO [2015-12-08 18:42:14] unique(splist[[x]]$Hummingbird)
INFO [2015-12-08 18:42:14] 
INFO [2015-12-08 18:42:14] $fill
INFO [2015-12-08 18:42:14] c("Red", "Blue")
INFO [2015-12-08 18:42:14] 
INFO [2015-12-08 18:42:14] $alpha
INFO [2015-12-08 18:42:14] [1] 0.5
INFO [2015-12-08 18:42:14] 
INFO [2015-12-08 18:42:14] $cat.cex
INFO [2015-12-08 18:42:14] [1] 1.5
INFO [2015-12-08 18:42:14] 
INFO [2015-12-08 18:42:14] $cex
INFO [2015-12-08 18:42:14] [1] 0.5
INFO [2015-12-08 18:42:14] 
INFO [2015-12-08 18:42:14] $main.cex
INFO [2015-12-08 18:42:14] [1] 2
INFO [2015-12-08 18:42:14] 
INFO [2015-12-08 18:42:15] [[1]]
INFO [2015-12-08 18:42:15] split_sp
INFO [2015-12-08 18:42:15] 
INFO [2015-12-08 18:42:15] $filename
INFO [2015-12-08 18:42:15] NULL
INFO [2015-12-08 18:42:15] 
INFO [2015-12-08 18:42:15] $scaled
INFO [2015-12-08 18:42:15] T
INFO [2015-12-08 18:42:15] 
INFO [2015-12-08 18:42:15] $main
INFO [2015-12-08 18:42:15] unique(splist[[x]]$Hummingbird)
INFO [2015-12-08 18:42:15] 
INFO [2015-12-08 18:42:15] $fill
INFO [2015-12-08 18:42:15] c("Red", "Blue")
INFO [2015-12-08 18:42:15] 
INFO [2015-12-08 18:42:15] $alpha
INFO [2015-12-08 18:42:15] [1] 0.5
INFO [2015-12-08 18:42:15] 
INFO [2015-12-08 18:42:15] $cat.cex
INFO [2015-12-08 18:42:15] [1] 1.5
INFO [2015-12-08 18:42:15] 
INFO [2015-12-08 18:42:15] $cex
INFO [2015-12-08 18:42:15] [1] 0.5
INFO [2015-12-08 18:42:15] 
INFO [2015-12-08 18:42:15] $main.cex
INFO [2015-12-08 18:42:15] [1] 2
INFO [2015-12-08 18:42:15] 
