INFO [2015-12-08 18:42:13] [[1]]
INFO [2015-12-08 18:42:13] split_sp
INFO [2015-12-08 18:42:13] 
INFO [2015-12-08 18:42:13] $filename
INFO [2015-12-08 18:42:13] NULL
INFO [2015-12-08 18:42:13] 
INFO [2015-12-08 18:42:13] $scaled
INFO [2015-12-08 18:42:13] T
INFO [2015-12-08 18:42:13] 
INFO [2015-12-08 18:42:13] $main
INFO [2015-12-08 18:42:13] unique(splist[[x]]$Hummingbird)
INFO [2015-12-08 18:42:13] 
INFO [2015-12-08 18:42:13] $fill
INFO [2015-12-08 18:42:13] c("Red", "Blue")
INFO [2015-12-08 18:42:13] 
INFO [2015-12-08 18:42:13] $alpha
INFO [2015-12-08 18:42:13] [1] 0.5
INFO [2015-12-08 18:42:13] 
INFO [2015-12-08 18:42:13] $cat.cex
INFO [2015-12-08 18:42:13] [1] 1.5
INFO [2015-12-08 18:42:13] 
INFO [2015-12-08 18:42:13] $cex
INFO [2015-12-08 18:42:13] [1] 0.5
INFO [2015-12-08 18:42:13] 
INFO [2015-12-08 18:42:13] $main.cex
INFO [2015-12-08 18:42:13] [1] 2
INFO [2015-12-08 18:42:13] 
