INFO [2015-12-08 18:42:17] [[1]]
INFO [2015-12-08 18:42:17] split_sp
INFO [2015-12-08 18:42:17] 
INFO [2015-12-08 18:42:17] $filename
INFO [2015-12-08 18:42:17] NULL
INFO [2015-12-08 18:42:17] 
INFO [2015-12-08 18:42:17] $scaled
INFO [2015-12-08 18:42:17] T
INFO [2015-12-08 18:42:17] 
INFO [2015-12-08 18:42:17] $main
INFO [2015-12-08 18:42:17] unique(splist[[x]]$Hummingbird)
INFO [2015-12-08 18:42:17] 
INFO [2015-12-08 18:42:17] $fill
INFO [2015-12-08 18:42:17] c("Red", "Blue")
INFO [2015-12-08 18:42:17] 
INFO [2015-12-08 18:42:17] $alpha
INFO [2015-12-08 18:42:17] [1] 0.5
INFO [2015-12-08 18:42:17] 
INFO [2015-12-08 18:42:17] $cat.cex
INFO [2015-12-08 18:42:17] [1] 1.5
INFO [2015-12-08 18:42:17] 
INFO [2015-12-08 18:42:17] $cex
INFO [2015-12-08 18:42:17] [1] 0.5
INFO [2015-12-08 18:42:17] 
INFO [2015-12-08 18:42:17] $main.cex
INFO [2015-12-08 18:42:17] [1] 2
INFO [2015-12-08 18:42:17] 
INFO [2015-12-08 18:42:17] [[1]]
INFO [2015-12-08 18:42:17] split_sp
INFO [2015-12-08 18:42:17] 
INFO [2015-12-08 18:42:17] $filename
INFO [2015-12-08 18:42:17] NULL
INFO [2015-12-08 18:42:17] 
INFO [2015-12-08 18:42:17] $scaled
INFO [2015-12-08 18:42:17] T
INFO [2015-12-08 18:42:17] 
INFO [2015-12-08 18:42:17] $main
INFO [2015-12-08 18:42:17] unique(splist[[x]]$Hummingbird)
INFO [2015-12-08 18:42:17] 
INFO [2015-12-08 18:42:17] $fill
INFO [2015-12-08 18:42:17] c("Red", "Blue")
INFO [2015-12-08 18:42:17] 
INFO [2015-12-08 18:42:17] $alpha
INFO [2015-12-08 18:42:17] [1] 0.5
INFO [2015-12-08 18:42:17] 
INFO [2015-12-08 18:42:17] $cat.cex
INFO [2015-12-08 18:42:17] [1] 1.5
INFO [2015-12-08 18:42:17] 
INFO [2015-12-08 18:42:17] $cex
INFO [2015-12-08 18:42:17] [1] 0.5
INFO [2015-12-08 18:42:17] 
INFO [2015-12-08 18:42:17] $main.cex
INFO [2015-12-08 18:42:17] [1] 2
INFO [2015-12-08 18:42:17] 
