INFO [2015-12-08 17:17:18] [[1]]
INFO [2015-12-08 17:17:18] split_sp
INFO [2015-12-08 17:17:18] 
INFO [2015-12-08 17:17:18] $filename
INFO [2015-12-08 17:17:18] NULL
INFO [2015-12-08 17:17:18] 
INFO [2015-12-08 17:17:18] $scaled
INFO [2015-12-08 17:17:18] T
INFO [2015-12-08 17:17:18] 
INFO [2015-12-08 17:17:18] $main
INFO [2015-12-08 17:17:18] unique(splist[[x]]$Hummingbird)
INFO [2015-12-08 17:17:18] 
INFO [2015-12-08 17:17:18] $fill
INFO [2015-12-08 17:17:18] c("Red", "Blue")
INFO [2015-12-08 17:17:18] 
INFO [2015-12-08 17:17:18] $alpha
INFO [2015-12-08 17:17:18] [1] 0.5
INFO [2015-12-08 17:17:18] 
INFO [2015-12-08 17:17:18] $cat.cex
INFO [2015-12-08 17:17:18] [1] 1.5
INFO [2015-12-08 17:17:18] 
INFO [2015-12-08 17:17:18] $cex
INFO [2015-12-08 17:17:18] [1] 0.5
INFO [2015-12-08 17:17:18] 
INFO [2015-12-08 17:17:18] $main.cex
INFO [2015-12-08 17:17:18] [1] 2
INFO [2015-12-08 17:17:18] 
