INFO [2015-12-08 17:12:41] [[1]]
INFO [2015-12-08 17:12:41] split_sp
INFO [2015-12-08 17:12:41] 
INFO [2015-12-08 17:12:41] $filename
INFO [2015-12-08 17:12:41] NULL
INFO [2015-12-08 17:12:41] 
INFO [2015-12-08 17:12:41] $scaled
INFO [2015-12-08 17:12:41] T
INFO [2015-12-08 17:12:41] 
INFO [2015-12-08 17:12:41] $main
INFO [2015-12-08 17:12:41] unique(splist[[x]]$Hummingbird)
INFO [2015-12-08 17:12:41] 
INFO [2015-12-08 17:12:41] $fill
INFO [2015-12-08 17:12:41] c("Red", "Blue")
INFO [2015-12-08 17:12:41] 
INFO [2015-12-08 17:12:41] $alpha
INFO [2015-12-08 17:12:41] [1] 0.5
INFO [2015-12-08 17:12:41] 
INFO [2015-12-08 17:12:41] $cat.cex
INFO [2015-12-08 17:12:41] [1] 1.5
INFO [2015-12-08 17:12:41] 
INFO [2015-12-08 17:12:41] $cex
INFO [2015-12-08 17:12:41] [1] 1.5
INFO [2015-12-08 17:12:41] 
