INFO [2015-12-08 19:01:45] [[1]]
INFO [2015-12-08 19:01:45] split_sp
INFO [2015-12-08 19:01:45] 
INFO [2015-12-08 19:01:45] $filename
INFO [2015-12-08 19:01:45] NULL
INFO [2015-12-08 19:01:45] 
INFO [2015-12-08 19:01:45] $scaled
INFO [2015-12-08 19:01:45] T
INFO [2015-12-08 19:01:45] 
INFO [2015-12-08 19:01:45] $main
INFO [2015-12-08 19:01:45] unique(splist[[x]]$Hummingbird)
INFO [2015-12-08 19:01:45] 
INFO [2015-12-08 19:01:45] $fill
INFO [2015-12-08 19:01:45] c("Blue", "Red")
INFO [2015-12-08 19:01:45] 
INFO [2015-12-08 19:01:45] $alpha
INFO [2015-12-08 19:01:45] c(0.25, 0.75)
INFO [2015-12-08 19:01:45] 
INFO [2015-12-08 19:01:45] $cat.cex
INFO [2015-12-08 19:01:45] [1] 1.5
INFO [2015-12-08 19:01:45] 
INFO [2015-12-08 19:01:45] $cex
INFO [2015-12-08 19:01:45] [1] 0.75
INFO [2015-12-08 19:01:45] 
INFO [2015-12-08 19:01:45] $main.cex
INFO [2015-12-08 19:01:45] [1] 2
INFO [2015-12-08 19:01:45] 
INFO [2015-12-08 19:01:45] [[1]]
INFO [2015-12-08 19:01:45] split_sp
INFO [2015-12-08 19:01:45] 
INFO [2015-12-08 19:01:45] $filename
INFO [2015-12-08 19:01:45] NULL
INFO [2015-12-08 19:01:45] 
INFO [2015-12-08 19:01:45] $scaled
INFO [2015-12-08 19:01:45] T
INFO [2015-12-08 19:01:45] 
INFO [2015-12-08 19:01:45] $main
INFO [2015-12-08 19:01:45] unique(splist[[x]]$Hummingbird)
INFO [2015-12-08 19:01:45] 
INFO [2015-12-08 19:01:45] $fill
INFO [2015-12-08 19:01:45] c("Blue", "Red")
INFO [2015-12-08 19:01:45] 
INFO [2015-12-08 19:01:45] $alpha
INFO [2015-12-08 19:01:45] c(0.25, 0.75)
INFO [2015-12-08 19:01:45] 
INFO [2015-12-08 19:01:45] $cat.cex
INFO [2015-12-08 19:01:45] [1] 1.5
INFO [2015-12-08 19:01:45] 
INFO [2015-12-08 19:01:45] $cex
INFO [2015-12-08 19:01:45] [1] 0.75
INFO [2015-12-08 19:01:45] 
INFO [2015-12-08 19:01:45] $main.cex
INFO [2015-12-08 19:01:45] [1] 2
INFO [2015-12-08 19:01:45] 
