INFO [2015-12-08 17:41:04] [[1]]
INFO [2015-12-08 17:41:04] split_sp
INFO [2015-12-08 17:41:04] 
INFO [2015-12-08 17:41:04] $filename
INFO [2015-12-08 17:41:04] NULL
INFO [2015-12-08 17:41:04] 
INFO [2015-12-08 17:41:04] $scaled
INFO [2015-12-08 17:41:04] T
INFO [2015-12-08 17:41:04] 
INFO [2015-12-08 17:41:04] $main
INFO [2015-12-08 17:41:04] unique(splist[[x]]$Hummingbird)
INFO [2015-12-08 17:41:04] 
INFO [2015-12-08 17:41:04] $fill
INFO [2015-12-08 17:41:04] c("Red", "Blue")
INFO [2015-12-08 17:41:04] 
INFO [2015-12-08 17:41:04] $alpha
INFO [2015-12-08 17:41:04] [1] 0.5
INFO [2015-12-08 17:41:04] 
INFO [2015-12-08 17:41:04] $cat.cex
INFO [2015-12-08 17:41:04] [1] 1.5
INFO [2015-12-08 17:41:04] 
INFO [2015-12-08 17:41:04] $cex
INFO [2015-12-08 17:41:04] [1] 0.75
INFO [2015-12-08 17:41:04] 
INFO [2015-12-08 17:41:04] $main.cex
INFO [2015-12-08 17:41:04] [1] 2
INFO [2015-12-08 17:41:04] 
