INFO [2015-12-08 17:13:23] [[1]]
INFO [2015-12-08 17:13:23] split_sp
INFO [2015-12-08 17:13:23] 
INFO [2015-12-08 17:13:23] $filename
INFO [2015-12-08 17:13:23] NULL
INFO [2015-12-08 17:13:23] 
INFO [2015-12-08 17:13:23] $scaled
INFO [2015-12-08 17:13:23] T
INFO [2015-12-08 17:13:23] 
INFO [2015-12-08 17:13:23] $main
INFO [2015-12-08 17:13:23] unique(splist[[x]]$Hummingbird)
INFO [2015-12-08 17:13:23] 
INFO [2015-12-08 17:13:23] $fill
INFO [2015-12-08 17:13:23] c("Red", "Blue")
INFO [2015-12-08 17:13:23] 
INFO [2015-12-08 17:13:23] $alpha
INFO [2015-12-08 17:13:23] [1] 0.5
INFO [2015-12-08 17:13:23] 
INFO [2015-12-08 17:13:23] $cat.cex
INFO [2015-12-08 17:13:23] [1] 0.5
INFO [2015-12-08 17:13:23] 
INFO [2015-12-08 17:13:23] $cex
INFO [2015-12-08 17:13:23] [1] 1
INFO [2015-12-08 17:13:23] 
INFO [2015-12-08 17:13:23] [[1]]
INFO [2015-12-08 17:13:23] split_sp
INFO [2015-12-08 17:13:23] 
INFO [2015-12-08 17:13:23] $filename
INFO [2015-12-08 17:13:23] NULL
INFO [2015-12-08 17:13:23] 
INFO [2015-12-08 17:13:23] $scaled
INFO [2015-12-08 17:13:23] T
INFO [2015-12-08 17:13:23] 
INFO [2015-12-08 17:13:23] $main
INFO [2015-12-08 17:13:23] unique(splist[[x]]$Hummingbird)
INFO [2015-12-08 17:13:23] 
INFO [2015-12-08 17:13:23] $fill
INFO [2015-12-08 17:13:23] c("Red", "Blue")
INFO [2015-12-08 17:13:23] 
INFO [2015-12-08 17:13:23] $alpha
INFO [2015-12-08 17:13:23] [1] 0.5
INFO [2015-12-08 17:13:23] 
INFO [2015-12-08 17:13:23] $cat.cex
INFO [2015-12-08 17:13:23] [1] 0.5
INFO [2015-12-08 17:13:23] 
INFO [2015-12-08 17:13:23] $cex
INFO [2015-12-08 17:13:23] [1] 1
INFO [2015-12-08 17:13:23] 
