INFO [2015-12-08 17:18:37] [[1]]
INFO [2015-12-08 17:18:37] split_sp
INFO [2015-12-08 17:18:37] 
INFO [2015-12-08 17:18:37] $filename
INFO [2015-12-08 17:18:37] NULL
INFO [2015-12-08 17:18:37] 
INFO [2015-12-08 17:18:37] $scaled
INFO [2015-12-08 17:18:37] T
INFO [2015-12-08 17:18:37] 
INFO [2015-12-08 17:18:37] $main
INFO [2015-12-08 17:18:37] unique(splist[[x]]$Hummingbird)
INFO [2015-12-08 17:18:37] 
INFO [2015-12-08 17:18:37] $fill
INFO [2015-12-08 17:18:37] c("Red", "Blue")
INFO [2015-12-08 17:18:37] 
INFO [2015-12-08 17:18:37] $alpha
INFO [2015-12-08 17:18:37] [1] 0.5
INFO [2015-12-08 17:18:37] 
INFO [2015-12-08 17:18:37] $cat.cex
INFO [2015-12-08 17:18:37] [1] 1.5
INFO [2015-12-08 17:18:37] 
INFO [2015-12-08 17:18:37] $cex
INFO [2015-12-08 17:18:37] [1] 0.75
INFO [2015-12-08 17:18:37] 
INFO [2015-12-08 17:18:37] $main.cex
INFO [2015-12-08 17:18:37] [1] 2
INFO [2015-12-08 17:18:37] 
