INFO [2015-12-08 19:00:52] [[1]]
INFO [2015-12-08 19:00:52] split_sp
INFO [2015-12-08 19:00:52] 
INFO [2015-12-08 19:00:52] $filename
INFO [2015-12-08 19:00:52] NULL
INFO [2015-12-08 19:00:52] 
INFO [2015-12-08 19:00:52] $scaled
INFO [2015-12-08 19:00:52] T
INFO [2015-12-08 19:00:52] 
INFO [2015-12-08 19:00:52] $main
INFO [2015-12-08 19:00:52] unique(splist[[x]]$Hummingbird)
INFO [2015-12-08 19:00:52] 
INFO [2015-12-08 19:00:52] $fill
INFO [2015-12-08 19:00:52] c("Red", "Blue")
INFO [2015-12-08 19:00:52] 
INFO [2015-12-08 19:00:52] $alpha
INFO [2015-12-08 19:00:52] [1] 0.5
INFO [2015-12-08 19:00:52] 
INFO [2015-12-08 19:00:52] $cat.cex
INFO [2015-12-08 19:00:52] [1] 1.5
INFO [2015-12-08 19:00:52] 
INFO [2015-12-08 19:00:52] $cex
INFO [2015-12-08 19:00:52] [1] 0.75
INFO [2015-12-08 19:00:52] 
INFO [2015-12-08 19:00:52] $main.cex
INFO [2015-12-08 19:00:52] [1] 2
INFO [2015-12-08 19:00:52] 
