INFO [2015-12-08 17:13:25] [[1]]
INFO [2015-12-08 17:13:25] split_sp
INFO [2015-12-08 17:13:25] 
INFO [2015-12-08 17:13:25] $filename
INFO [2015-12-08 17:13:25] NULL
INFO [2015-12-08 17:13:25] 
INFO [2015-12-08 17:13:25] $scaled
INFO [2015-12-08 17:13:25] T
INFO [2015-12-08 17:13:25] 
INFO [2015-12-08 17:13:25] $main
INFO [2015-12-08 17:13:25] unique(splist[[x]]$Hummingbird)
INFO [2015-12-08 17:13:25] 
INFO [2015-12-08 17:13:25] $fill
INFO [2015-12-08 17:13:25] c("Red", "Blue")
INFO [2015-12-08 17:13:25] 
INFO [2015-12-08 17:13:25] $alpha
INFO [2015-12-08 17:13:25] [1] 0.5
INFO [2015-12-08 17:13:25] 
INFO [2015-12-08 17:13:25] $cat.cex
INFO [2015-12-08 17:13:25] [1] 0.5
INFO [2015-12-08 17:13:25] 
INFO [2015-12-08 17:13:25] $cex
INFO [2015-12-08 17:13:25] [1] 1
INFO [2015-12-08 17:13:25] 
