INFO [2015-12-08 17:12:45] [[1]]
INFO [2015-12-08 17:12:45] split_sp
INFO [2015-12-08 17:12:45] 
INFO [2015-12-08 17:12:45] $filename
INFO [2015-12-08 17:12:45] NULL
INFO [2015-12-08 17:12:45] 
INFO [2015-12-08 17:12:45] $scaled
INFO [2015-12-08 17:12:45] T
INFO [2015-12-08 17:12:45] 
INFO [2015-12-08 17:12:45] $main
INFO [2015-12-08 17:12:45] unique(splist[[x]]$Hummingbird)
INFO [2015-12-08 17:12:45] 
INFO [2015-12-08 17:12:45] $fill
INFO [2015-12-08 17:12:45] c("Red", "Blue")
INFO [2015-12-08 17:12:45] 
INFO [2015-12-08 17:12:45] $alpha
INFO [2015-12-08 17:12:45] [1] 0.5
INFO [2015-12-08 17:12:45] 
INFO [2015-12-08 17:12:45] $cat.cex
INFO [2015-12-08 17:12:45] [1] 1.5
INFO [2015-12-08 17:12:45] 
INFO [2015-12-08 17:12:45] $cex
INFO [2015-12-08 17:12:45] [1] 1.5
INFO [2015-12-08 17:12:45] 
INFO [2015-12-08 17:12:45] [[1]]
INFO [2015-12-08 17:12:45] split_sp
INFO [2015-12-08 17:12:45] 
INFO [2015-12-08 17:12:45] $filename
INFO [2015-12-08 17:12:45] NULL
INFO [2015-12-08 17:12:45] 
INFO [2015-12-08 17:12:45] $scaled
INFO [2015-12-08 17:12:45] T
INFO [2015-12-08 17:12:45] 
INFO [2015-12-08 17:12:45] $main
INFO [2015-12-08 17:12:45] unique(splist[[x]]$Hummingbird)
INFO [2015-12-08 17:12:45] 
INFO [2015-12-08 17:12:45] $fill
INFO [2015-12-08 17:12:45] c("Red", "Blue")
INFO [2015-12-08 17:12:45] 
INFO [2015-12-08 17:12:45] $alpha
INFO [2015-12-08 17:12:45] [1] 0.5
INFO [2015-12-08 17:12:45] 
INFO [2015-12-08 17:12:45] $cat.cex
INFO [2015-12-08 17:12:45] [1] 1.5
INFO [2015-12-08 17:12:45] 
INFO [2015-12-08 17:12:45] $cex
INFO [2015-12-08 17:12:45] [1] 1.5
INFO [2015-12-08 17:12:45] 
