INFO [2015-12-08 16:55:15] [[1]]
INFO [2015-12-08 16:55:15] split_sp
INFO [2015-12-08 16:55:15] 
INFO [2015-12-08 16:55:15] $filename
INFO [2015-12-08 16:55:15] NULL
INFO [2015-12-08 16:55:15] 
INFO [2015-12-08 16:55:15] $scaled
INFO [2015-12-08 16:55:15] T
INFO [2015-12-08 16:55:15] 
INFO [2015-12-08 16:55:15] $main
INFO [2015-12-08 16:55:15] unique(splist[[x]]$Hummingbird)
INFO [2015-12-08 16:55:15] 
INFO [2015-12-08 16:55:15] [[1]]
INFO [2015-12-08 16:55:15] split_sp
INFO [2015-12-08 16:55:15] 
INFO [2015-12-08 16:55:15] $filename
INFO [2015-12-08 16:55:15] NULL
INFO [2015-12-08 16:55:15] 
INFO [2015-12-08 16:55:15] $scaled
INFO [2015-12-08 16:55:15] T
INFO [2015-12-08 16:55:15] 
INFO [2015-12-08 16:55:15] $main
INFO [2015-12-08 16:55:15] unique(splist[[x]]$Hummingbird)
INFO [2015-12-08 16:55:15] 
