INFO [2015-12-08 18:44:23] [[1]]
INFO [2015-12-08 18:44:23] split_sp
INFO [2015-12-08 18:44:23] 
INFO [2015-12-08 18:44:23] $filename
INFO [2015-12-08 18:44:23] NULL
INFO [2015-12-08 18:44:23] 
INFO [2015-12-08 18:44:23] $scaled
INFO [2015-12-08 18:44:23] T
INFO [2015-12-08 18:44:23] 
INFO [2015-12-08 18:44:23] $main
INFO [2015-12-08 18:44:23] unique(splist[[x]]$Hummingbird)
INFO [2015-12-08 18:44:23] 
INFO [2015-12-08 18:44:23] $fill
INFO [2015-12-08 18:44:23] c("Red", "Blue")
INFO [2015-12-08 18:44:23] 
INFO [2015-12-08 18:44:23] $alpha
INFO [2015-12-08 18:44:23] [1] 0.5
INFO [2015-12-08 18:44:23] 
INFO [2015-12-08 18:44:23] $cat.cex
INFO [2015-12-08 18:44:23] [1] 1.5
INFO [2015-12-08 18:44:23] 
INFO [2015-12-08 18:44:23] $cex
INFO [2015-12-08 18:44:23] [1] 0.75
INFO [2015-12-08 18:44:23] 
INFO [2015-12-08 18:44:23] $main.cex
INFO [2015-12-08 18:44:23] [1] 2
INFO [2015-12-08 18:44:23] 
INFO [2015-12-08 18:44:23] [[1]]
INFO [2015-12-08 18:44:23] split_sp
INFO [2015-12-08 18:44:23] 
INFO [2015-12-08 18:44:23] $filename
INFO [2015-12-08 18:44:23] NULL
INFO [2015-12-08 18:44:23] 
INFO [2015-12-08 18:44:23] $scaled
INFO [2015-12-08 18:44:23] T
INFO [2015-12-08 18:44:23] 
INFO [2015-12-08 18:44:23] $main
INFO [2015-12-08 18:44:23] unique(splist[[x]]$Hummingbird)
INFO [2015-12-08 18:44:23] 
INFO [2015-12-08 18:44:23] $fill
INFO [2015-12-08 18:44:23] c("Red", "Blue")
INFO [2015-12-08 18:44:23] 
INFO [2015-12-08 18:44:23] $alpha
INFO [2015-12-08 18:44:23] [1] 0.5
INFO [2015-12-08 18:44:23] 
INFO [2015-12-08 18:44:23] $cat.cex
INFO [2015-12-08 18:44:23] [1] 1.5
INFO [2015-12-08 18:44:23] 
INFO [2015-12-08 18:44:23] $cex
INFO [2015-12-08 18:44:23] [1] 0.75
INFO [2015-12-08 18:44:23] 
INFO [2015-12-08 18:44:23] $main.cex
INFO [2015-12-08 18:44:23] [1] 2
INFO [2015-12-08 18:44:23] 
