INFO [2015-12-08 18:44:20] [[1]]
INFO [2015-12-08 18:44:20] split_sp
INFO [2015-12-08 18:44:20] 
INFO [2015-12-08 18:44:20] $filename
INFO [2015-12-08 18:44:20] NULL
INFO [2015-12-08 18:44:20] 
INFO [2015-12-08 18:44:20] $scaled
INFO [2015-12-08 18:44:20] T
INFO [2015-12-08 18:44:20] 
INFO [2015-12-08 18:44:20] $main
INFO [2015-12-08 18:44:20] unique(splist[[x]]$Hummingbird)
INFO [2015-12-08 18:44:20] 
INFO [2015-12-08 18:44:20] $fill
INFO [2015-12-08 18:44:20] c("Red", "Blue")
INFO [2015-12-08 18:44:20] 
INFO [2015-12-08 18:44:20] $alpha
INFO [2015-12-08 18:44:20] [1] 0.5
INFO [2015-12-08 18:44:20] 
INFO [2015-12-08 18:44:20] $cat.cex
INFO [2015-12-08 18:44:20] [1] 1.5
INFO [2015-12-08 18:44:20] 
INFO [2015-12-08 18:44:20] $cex
INFO [2015-12-08 18:44:20] [1] 0.75
INFO [2015-12-08 18:44:20] 
INFO [2015-12-08 18:44:20] $main.cex
INFO [2015-12-08 18:44:20] [1] 2
INFO [2015-12-08 18:44:20] 
