INFO [2015-12-08 17:40:59] [[1]]
INFO [2015-12-08 17:40:59] split_sp
INFO [2015-12-08 17:40:59] 
INFO [2015-12-08 17:40:59] $filename
INFO [2015-12-08 17:40:59] NULL
INFO [2015-12-08 17:40:59] 
INFO [2015-12-08 17:40:59] $scaled
INFO [2015-12-08 17:40:59] T
INFO [2015-12-08 17:40:59] 
INFO [2015-12-08 17:40:59] $main
INFO [2015-12-08 17:40:59] unique(splist[[x]]$Hummingbird)
INFO [2015-12-08 17:40:59] 
INFO [2015-12-08 17:40:59] $fill
INFO [2015-12-08 17:40:59] c("Red", "Blue")
INFO [2015-12-08 17:40:59] 
INFO [2015-12-08 17:40:59] $alpha
INFO [2015-12-08 17:40:59] [1] 0.5
INFO [2015-12-08 17:40:59] 
INFO [2015-12-08 17:40:59] $cat.cex
INFO [2015-12-08 17:40:59] [1] 1.5
INFO [2015-12-08 17:40:59] 
INFO [2015-12-08 17:40:59] $cex
INFO [2015-12-08 17:40:59] [1] 0.75
INFO [2015-12-08 17:40:59] 
INFO [2015-12-08 17:40:59] $main.cex
INFO [2015-12-08 17:40:59] [1] 2
INFO [2015-12-08 17:40:59] 
INFO [2015-12-08 17:40:59] [[1]]
INFO [2015-12-08 17:40:59] split_sp
INFO [2015-12-08 17:40:59] 
INFO [2015-12-08 17:40:59] $filename
INFO [2015-12-08 17:40:59] NULL
INFO [2015-12-08 17:40:59] 
INFO [2015-12-08 17:40:59] $scaled
INFO [2015-12-08 17:40:59] T
INFO [2015-12-08 17:40:59] 
INFO [2015-12-08 17:40:59] $main
INFO [2015-12-08 17:40:59] unique(splist[[x]]$Hummingbird)
INFO [2015-12-08 17:40:59] 
INFO [2015-12-08 17:40:59] $fill
INFO [2015-12-08 17:40:59] c("Red", "Blue")
INFO [2015-12-08 17:40:59] 
INFO [2015-12-08 17:40:59] $alpha
INFO [2015-12-08 17:40:59] [1] 0.5
INFO [2015-12-08 17:40:59] 
INFO [2015-12-08 17:40:59] $cat.cex
INFO [2015-12-08 17:40:59] [1] 1.5
INFO [2015-12-08 17:40:59] 
INFO [2015-12-08 17:40:59] $cex
INFO [2015-12-08 17:40:59] [1] 0.75
INFO [2015-12-08 17:40:59] 
INFO [2015-12-08 17:40:59] $main.cex
INFO [2015-12-08 17:40:59] [1] 2
INFO [2015-12-08 17:40:59] 
