INFO [2015-12-08 17:13:10] [[1]]
INFO [2015-12-08 17:13:10] split_sp
INFO [2015-12-08 17:13:10] 
INFO [2015-12-08 17:13:10] $filename
INFO [2015-12-08 17:13:10] NULL
INFO [2015-12-08 17:13:10] 
INFO [2015-12-08 17:13:10] $scaled
INFO [2015-12-08 17:13:10] T
INFO [2015-12-08 17:13:10] 
INFO [2015-12-08 17:13:10] $main
INFO [2015-12-08 17:13:10] unique(splist[[x]]$Hummingbird)
INFO [2015-12-08 17:13:10] 
INFO [2015-12-08 17:13:10] $fill
INFO [2015-12-08 17:13:10] c("Red", "Blue")
INFO [2015-12-08 17:13:10] 
INFO [2015-12-08 17:13:10] $alpha
INFO [2015-12-08 17:13:10] [1] 0.5
INFO [2015-12-08 17:13:10] 
INFO [2015-12-08 17:13:10] $cat.cex
INFO [2015-12-08 17:13:10] [1] 0.5
INFO [2015-12-08 17:13:10] 
INFO [2015-12-08 17:13:10] $cex
INFO [2015-12-08 17:13:10] [1] 0.5
INFO [2015-12-08 17:13:10] 
