INFO [2015-12-08 17:12:42] [[1]]
INFO [2015-12-08 17:12:42] split_sp
INFO [2015-12-08 17:12:42] 
INFO [2015-12-08 17:12:42] $filename
INFO [2015-12-08 17:12:42] NULL
INFO [2015-12-08 17:12:42] 
INFO [2015-12-08 17:12:42] $scaled
INFO [2015-12-08 17:12:42] T
INFO [2015-12-08 17:12:42] 
INFO [2015-12-08 17:12:42] $main
INFO [2015-12-08 17:12:42] unique(splist[[x]]$Hummingbird)
INFO [2015-12-08 17:12:42] 
INFO [2015-12-08 17:12:42] $fill
INFO [2015-12-08 17:12:42] c("Red", "Blue")
INFO [2015-12-08 17:12:42] 
INFO [2015-12-08 17:12:42] $alpha
INFO [2015-12-08 17:12:42] [1] 0.5
INFO [2015-12-08 17:12:42] 
INFO [2015-12-08 17:12:42] $cat.cex
INFO [2015-12-08 17:12:42] [1] 1.5
INFO [2015-12-08 17:12:42] 
INFO [2015-12-08 17:12:42] $cex
INFO [2015-12-08 17:12:42] [1] 1.5
INFO [2015-12-08 17:12:42] 
