INFO [2015-12-08 16:57:45] [[1]]
INFO [2015-12-08 16:57:45] split_sp
INFO [2015-12-08 16:57:45] 
INFO [2015-12-08 16:57:45] $filename
INFO [2015-12-08 16:57:45] NULL
INFO [2015-12-08 16:57:45] 
INFO [2015-12-08 16:57:45] $scaled
INFO [2015-12-08 16:57:45] T
INFO [2015-12-08 16:57:45] 
INFO [2015-12-08 16:57:45] $main
INFO [2015-12-08 16:57:45] unique(splist[[x]]$Hummingbird)
INFO [2015-12-08 16:57:45] 
INFO [2015-12-08 16:57:45] [[1]]
INFO [2015-12-08 16:57:45] split_sp
INFO [2015-12-08 16:57:45] 
INFO [2015-12-08 16:57:45] $filename
INFO [2015-12-08 16:57:45] NULL
INFO [2015-12-08 16:57:45] 
INFO [2015-12-08 16:57:45] $scaled
INFO [2015-12-08 16:57:45] T
INFO [2015-12-08 16:57:45] 
INFO [2015-12-08 16:57:45] $main
INFO [2015-12-08 16:57:45] unique(splist[[x]]$Hummingbird)
INFO [2015-12-08 16:57:45] 
