INFO [2015-12-08 18:39:53] [[1]]
INFO [2015-12-08 18:39:53] split_sp
INFO [2015-12-08 18:39:53] 
INFO [2015-12-08 18:39:53] $filename
INFO [2015-12-08 18:39:53] NULL
INFO [2015-12-08 18:39:53] 
INFO [2015-12-08 18:39:53] $scaled
INFO [2015-12-08 18:39:53] T
INFO [2015-12-08 18:39:53] 
INFO [2015-12-08 18:39:53] $main
INFO [2015-12-08 18:39:53] unique(splist[[x]]$Hummingbird)
INFO [2015-12-08 18:39:53] 
INFO [2015-12-08 18:39:53] $fill
INFO [2015-12-08 18:39:53] c("Red", "Blue")
INFO [2015-12-08 18:39:53] 
INFO [2015-12-08 18:39:53] $alpha
INFO [2015-12-08 18:39:53] [1] 0.5
INFO [2015-12-08 18:39:53] 
INFO [2015-12-08 18:39:53] $cat.cex
INFO [2015-12-08 18:39:53] [1] 1.5
INFO [2015-12-08 18:39:53] 
INFO [2015-12-08 18:39:53] $cex
INFO [2015-12-08 18:39:53] [1] 0.75
INFO [2015-12-08 18:39:53] 
INFO [2015-12-08 18:39:53] $main.cex
INFO [2015-12-08 18:39:53] [1] 2
INFO [2015-12-08 18:39:53] 
