INFO [2015-12-08 17:13:34] [[1]]
INFO [2015-12-08 17:13:34] split_sp
INFO [2015-12-08 17:13:34] 
INFO [2015-12-08 17:13:34] $filename
INFO [2015-12-08 17:13:34] NULL
INFO [2015-12-08 17:13:34] 
INFO [2015-12-08 17:13:34] $scaled
INFO [2015-12-08 17:13:34] T
INFO [2015-12-08 17:13:34] 
INFO [2015-12-08 17:13:34] $main
INFO [2015-12-08 17:13:34] unique(splist[[x]]$Hummingbird)
INFO [2015-12-08 17:13:34] 
INFO [2015-12-08 17:13:34] $fill
INFO [2015-12-08 17:13:34] c("Red", "Blue")
INFO [2015-12-08 17:13:34] 
INFO [2015-12-08 17:13:34] $alpha
INFO [2015-12-08 17:13:34] [1] 0.5
INFO [2015-12-08 17:13:34] 
INFO [2015-12-08 17:13:34] $cat.cex
INFO [2015-12-08 17:13:34] [1] 0.5
INFO [2015-12-08 17:13:34] 
INFO [2015-12-08 17:13:34] $cex
INFO [2015-12-08 17:13:34] [1] 1
INFO [2015-12-08 17:13:34] 
