INFO [2015-12-08 17:40:58] [[1]]
INFO [2015-12-08 17:40:58] split_sp
INFO [2015-12-08 17:40:58] 
INFO [2015-12-08 17:40:58] $filename
INFO [2015-12-08 17:40:58] NULL
INFO [2015-12-08 17:40:58] 
INFO [2015-12-08 17:40:58] $scaled
INFO [2015-12-08 17:40:58] T
INFO [2015-12-08 17:40:58] 
INFO [2015-12-08 17:40:58] $main
INFO [2015-12-08 17:40:58] unique(splist[[x]]$Hummingbird)
INFO [2015-12-08 17:40:58] 
INFO [2015-12-08 17:40:58] $fill
INFO [2015-12-08 17:40:58] c("Red", "Blue")
INFO [2015-12-08 17:40:58] 
INFO [2015-12-08 17:40:58] $alpha
INFO [2015-12-08 17:40:58] [1] 0.5
INFO [2015-12-08 17:40:58] 
INFO [2015-12-08 17:40:58] $cat.cex
INFO [2015-12-08 17:40:58] [1] 1.5
INFO [2015-12-08 17:40:58] 
INFO [2015-12-08 17:40:58] $cex
INFO [2015-12-08 17:40:58] [1] 0.75
INFO [2015-12-08 17:40:58] 
INFO [2015-12-08 17:40:58] $main.cex
INFO [2015-12-08 17:40:58] [1] 2
INFO [2015-12-08 17:40:58] 
