INFO [2015-12-08 19:01:47] [[1]]
INFO [2015-12-08 19:01:47] split_sp
INFO [2015-12-08 19:01:47] 
INFO [2015-12-08 19:01:47] $filename
INFO [2015-12-08 19:01:47] NULL
INFO [2015-12-08 19:01:47] 
INFO [2015-12-08 19:01:47] $scaled
INFO [2015-12-08 19:01:47] T
INFO [2015-12-08 19:01:47] 
INFO [2015-12-08 19:01:47] $main
INFO [2015-12-08 19:01:47] unique(splist[[x]]$Hummingbird)
INFO [2015-12-08 19:01:47] 
INFO [2015-12-08 19:01:47] $fill
INFO [2015-12-08 19:01:47] c("Blue", "Red")
INFO [2015-12-08 19:01:47] 
INFO [2015-12-08 19:01:47] $alpha
INFO [2015-12-08 19:01:47] c(0.25, 0.75)
INFO [2015-12-08 19:01:47] 
INFO [2015-12-08 19:01:47] $cat.cex
INFO [2015-12-08 19:01:47] [1] 1.5
INFO [2015-12-08 19:01:47] 
INFO [2015-12-08 19:01:47] $cex
INFO [2015-12-08 19:01:47] [1] 0.75
INFO [2015-12-08 19:01:47] 
INFO [2015-12-08 19:01:47] $main.cex
INFO [2015-12-08 19:01:47] [1] 2
INFO [2015-12-08 19:01:47] 
