INFO [2015-12-08 16:57:43] [[1]]
INFO [2015-12-08 16:57:43] split_sp
INFO [2015-12-08 16:57:43] 
INFO [2015-12-08 16:57:43] $filename
INFO [2015-12-08 16:57:43] NULL
INFO [2015-12-08 16:57:43] 
INFO [2015-12-08 16:57:43] $scaled
INFO [2015-12-08 16:57:43] T
INFO [2015-12-08 16:57:43] 
INFO [2015-12-08 16:57:43] $main
INFO [2015-12-08 16:57:43] unique(splist[[x]]$Hummingbird)
INFO [2015-12-08 16:57:43] 
INFO [2015-12-08 16:57:43] [[1]]
INFO [2015-12-08 16:57:43] split_sp
INFO [2015-12-08 16:57:43] 
INFO [2015-12-08 16:57:43] $filename
INFO [2015-12-08 16:57:43] NULL
INFO [2015-12-08 16:57:43] 
INFO [2015-12-08 16:57:43] $scaled
INFO [2015-12-08 16:57:43] T
INFO [2015-12-08 16:57:43] 
INFO [2015-12-08 16:57:43] $main
INFO [2015-12-08 16:57:43] unique(splist[[x]]$Hummingbird)
INFO [2015-12-08 16:57:43] 
INFO [2015-12-08 16:57:44] [[1]]
INFO [2015-12-08 16:57:44] split_sp
INFO [2015-12-08 16:57:44] 
INFO [2015-12-08 16:57:44] $filename
INFO [2015-12-08 16:57:44] NULL
INFO [2015-12-08 16:57:44] 
INFO [2015-12-08 16:57:44] $scaled
INFO [2015-12-08 16:57:44] T
INFO [2015-12-08 16:57:44] 
INFO [2015-12-08 16:57:44] $main
INFO [2015-12-08 16:57:44] unique(splist[[x]]$Hummingbird)
INFO [2015-12-08 16:57:44] 
