INFO [2015-12-08 17:18:32] [[1]]
INFO [2015-12-08 17:18:32] split_sp
INFO [2015-12-08 17:18:32] 
INFO [2015-12-08 17:18:32] $filename
INFO [2015-12-08 17:18:32] NULL
INFO [2015-12-08 17:18:32] 
INFO [2015-12-08 17:18:32] $scaled
INFO [2015-12-08 17:18:32] T
INFO [2015-12-08 17:18:32] 
INFO [2015-12-08 17:18:32] $main
INFO [2015-12-08 17:18:32] unique(splist[[x]]$Hummingbird)
INFO [2015-12-08 17:18:32] 
INFO [2015-12-08 17:18:32] $fill
INFO [2015-12-08 17:18:32] c("Red", "Blue")
INFO [2015-12-08 17:18:32] 
INFO [2015-12-08 17:18:32] $alpha
INFO [2015-12-08 17:18:32] [1] 0.5
INFO [2015-12-08 17:18:32] 
INFO [2015-12-08 17:18:32] $cat.cex
INFO [2015-12-08 17:18:32] [1] 1.5
INFO [2015-12-08 17:18:32] 
INFO [2015-12-08 17:18:32] $cex
INFO [2015-12-08 17:18:32] [1] 0.75
INFO [2015-12-08 17:18:32] 
INFO [2015-12-08 17:18:32] $main.cex
INFO [2015-12-08 17:18:32] [1] 2
INFO [2015-12-08 17:18:32] 
