INFO [2015-12-08 19:00:50] [[1]]
INFO [2015-12-08 19:00:50] split_sp
INFO [2015-12-08 19:00:50] 
INFO [2015-12-08 19:00:50] $filename
INFO [2015-12-08 19:00:50] NULL
INFO [2015-12-08 19:00:50] 
INFO [2015-12-08 19:00:50] $scaled
INFO [2015-12-08 19:00:50] T
INFO [2015-12-08 19:00:50] 
INFO [2015-12-08 19:00:50] $main
INFO [2015-12-08 19:00:50] unique(splist[[x]]$Hummingbird)
INFO [2015-12-08 19:00:50] 
INFO [2015-12-08 19:00:50] $fill
INFO [2015-12-08 19:00:50] c("Red", "Blue")
INFO [2015-12-08 19:00:50] 
INFO [2015-12-08 19:00:50] $alpha
INFO [2015-12-08 19:00:50] [1] 0.5
INFO [2015-12-08 19:00:50] 
INFO [2015-12-08 19:00:50] $cat.cex
INFO [2015-12-08 19:00:50] [1] 1.5
INFO [2015-12-08 19:00:50] 
INFO [2015-12-08 19:00:50] $cex
INFO [2015-12-08 19:00:50] [1] 0.75
INFO [2015-12-08 19:00:50] 
INFO [2015-12-08 19:00:50] $main.cex
INFO [2015-12-08 19:00:50] [1] 2
INFO [2015-12-08 19:00:50] 
