INFO [2015-12-08 17:13:30] [[1]]
INFO [2015-12-08 17:13:30] split_sp
INFO [2015-12-08 17:13:30] 
INFO [2015-12-08 17:13:30] $filename
INFO [2015-12-08 17:13:30] NULL
INFO [2015-12-08 17:13:30] 
INFO [2015-12-08 17:13:30] $scaled
INFO [2015-12-08 17:13:30] T
INFO [2015-12-08 17:13:30] 
INFO [2015-12-08 17:13:30] $main
INFO [2015-12-08 17:13:30] unique(splist[[x]]$Hummingbird)
INFO [2015-12-08 17:13:30] 
INFO [2015-12-08 17:13:30] $fill
INFO [2015-12-08 17:13:30] c("Red", "Blue")
INFO [2015-12-08 17:13:30] 
INFO [2015-12-08 17:13:30] $alpha
INFO [2015-12-08 17:13:30] [1] 0.5
INFO [2015-12-08 17:13:30] 
INFO [2015-12-08 17:13:30] $cat.cex
INFO [2015-12-08 17:13:30] [1] 0.5
INFO [2015-12-08 17:13:30] 
INFO [2015-12-08 17:13:30] $cex
INFO [2015-12-08 17:13:30] [1] 1
INFO [2015-12-08 17:13:30] 
