INFO [2015-12-08 18:44:26] [[1]]
INFO [2015-12-08 18:44:26] split_sp
INFO [2015-12-08 18:44:26] 
INFO [2015-12-08 18:44:26] $filename
INFO [2015-12-08 18:44:26] NULL
INFO [2015-12-08 18:44:26] 
INFO [2015-12-08 18:44:26] $scaled
INFO [2015-12-08 18:44:26] T
INFO [2015-12-08 18:44:26] 
INFO [2015-12-08 18:44:26] $main
INFO [2015-12-08 18:44:26] unique(splist[[x]]$Hummingbird)
INFO [2015-12-08 18:44:26] 
INFO [2015-12-08 18:44:26] $fill
INFO [2015-12-08 18:44:26] c("Red", "Blue")
INFO [2015-12-08 18:44:26] 
INFO [2015-12-08 18:44:26] $alpha
INFO [2015-12-08 18:44:26] [1] 0.5
INFO [2015-12-08 18:44:26] 
INFO [2015-12-08 18:44:26] $cat.cex
INFO [2015-12-08 18:44:26] [1] 1.5
INFO [2015-12-08 18:44:26] 
INFO [2015-12-08 18:44:26] $cex
INFO [2015-12-08 18:44:26] [1] 0.75
INFO [2015-12-08 18:44:26] 
INFO [2015-12-08 18:44:26] $main.cex
INFO [2015-12-08 18:44:26] [1] 2
INFO [2015-12-08 18:44:26] 
