INFO [2015-12-08 17:41:36] [[1]]
INFO [2015-12-08 17:41:36] split_sp
INFO [2015-12-08 17:41:36] 
INFO [2015-12-08 17:41:36] $filename
INFO [2015-12-08 17:41:36] NULL
INFO [2015-12-08 17:41:36] 
INFO [2015-12-08 17:41:36] $scaled
INFO [2015-12-08 17:41:36] T
INFO [2015-12-08 17:41:36] 
INFO [2015-12-08 17:41:36] $main
INFO [2015-12-08 17:41:36] unique(splist[[x]]$Hummingbird)
INFO [2015-12-08 17:41:36] 
INFO [2015-12-08 17:41:36] $fill
INFO [2015-12-08 17:41:36] c("Red", "Blue")
INFO [2015-12-08 17:41:36] 
INFO [2015-12-08 17:41:36] $alpha
INFO [2015-12-08 17:41:36] [1] 0.5
INFO [2015-12-08 17:41:36] 
INFO [2015-12-08 17:41:36] $cat.cex
INFO [2015-12-08 17:41:36] [1] 1.5
INFO [2015-12-08 17:41:36] 
INFO [2015-12-08 17:41:36] $cex
INFO [2015-12-08 17:41:36] [1] 0.75
INFO [2015-12-08 17:41:36] 
INFO [2015-12-08 17:41:36] $main.cex
INFO [2015-12-08 17:41:36] [1] 2
INFO [2015-12-08 17:41:36] 
