INFO [2015-12-08 18:44:21] [[1]]
INFO [2015-12-08 18:44:21] split_sp
INFO [2015-12-08 18:44:21] 
INFO [2015-12-08 18:44:21] $filename
INFO [2015-12-08 18:44:21] NULL
INFO [2015-12-08 18:44:21] 
INFO [2015-12-08 18:44:21] $scaled
INFO [2015-12-08 18:44:21] T
INFO [2015-12-08 18:44:21] 
INFO [2015-12-08 18:44:21] $main
INFO [2015-12-08 18:44:21] unique(splist[[x]]$Hummingbird)
INFO [2015-12-08 18:44:21] 
INFO [2015-12-08 18:44:21] $fill
INFO [2015-12-08 18:44:21] c("Red", "Blue")
INFO [2015-12-08 18:44:21] 
INFO [2015-12-08 18:44:21] $alpha
INFO [2015-12-08 18:44:21] [1] 0.5
INFO [2015-12-08 18:44:21] 
INFO [2015-12-08 18:44:21] $cat.cex
INFO [2015-12-08 18:44:21] [1] 1.5
INFO [2015-12-08 18:44:21] 
INFO [2015-12-08 18:44:21] $cex
INFO [2015-12-08 18:44:21] [1] 0.75
INFO [2015-12-08 18:44:21] 
INFO [2015-12-08 18:44:21] $main.cex
INFO [2015-12-08 18:44:21] [1] 2
INFO [2015-12-08 18:44:21] 
INFO [2015-12-08 18:44:21] [[1]]
INFO [2015-12-08 18:44:21] split_sp
INFO [2015-12-08 18:44:21] 
INFO [2015-12-08 18:44:21] $filename
INFO [2015-12-08 18:44:21] NULL
INFO [2015-12-08 18:44:21] 
INFO [2015-12-08 18:44:21] $scaled
INFO [2015-12-08 18:44:21] T
INFO [2015-12-08 18:44:21] 
INFO [2015-12-08 18:44:21] $main
INFO [2015-12-08 18:44:21] unique(splist[[x]]$Hummingbird)
INFO [2015-12-08 18:44:21] 
INFO [2015-12-08 18:44:21] $fill
INFO [2015-12-08 18:44:21] c("Red", "Blue")
INFO [2015-12-08 18:44:21] 
INFO [2015-12-08 18:44:21] $alpha
INFO [2015-12-08 18:44:21] [1] 0.5
INFO [2015-12-08 18:44:21] 
INFO [2015-12-08 18:44:21] $cat.cex
INFO [2015-12-08 18:44:21] [1] 1.5
INFO [2015-12-08 18:44:21] 
INFO [2015-12-08 18:44:21] $cex
INFO [2015-12-08 18:44:21] [1] 0.75
INFO [2015-12-08 18:44:21] 
INFO [2015-12-08 18:44:21] $main.cex
INFO [2015-12-08 18:44:21] [1] 2
INFO [2015-12-08 18:44:21] 
