INFO [2015-12-08 16:57:40] [[1]]
INFO [2015-12-08 16:57:40] split_sp
INFO [2015-12-08 16:57:40] 
INFO [2015-12-08 16:57:40] $filename
INFO [2015-12-08 16:57:40] NULL
INFO [2015-12-08 16:57:40] 
INFO [2015-12-08 16:57:40] $scaled
INFO [2015-12-08 16:57:40] T
INFO [2015-12-08 16:57:40] 
INFO [2015-12-08 16:57:40] $main
INFO [2015-12-08 16:57:40] unique(splist[[x]]$Hummingbird)
INFO [2015-12-08 16:57:40] 
INFO [2015-12-08 16:57:40] [[1]]
INFO [2015-12-08 16:57:40] split_sp
INFO [2015-12-08 16:57:40] 
INFO [2015-12-08 16:57:40] $filename
INFO [2015-12-08 16:57:40] NULL
INFO [2015-12-08 16:57:40] 
INFO [2015-12-08 16:57:40] $scaled
INFO [2015-12-08 16:57:40] T
INFO [2015-12-08 16:57:40] 
INFO [2015-12-08 16:57:40] $main
INFO [2015-12-08 16:57:40] unique(splist[[x]]$Hummingbird)
INFO [2015-12-08 16:57:40] 
