INFO [2015-12-08 19:00:51] [[1]]
INFO [2015-12-08 19:00:51] split_sp
INFO [2015-12-08 19:00:51] 
INFO [2015-12-08 19:00:51] $filename
INFO [2015-12-08 19:00:51] NULL
INFO [2015-12-08 19:00:51] 
INFO [2015-12-08 19:00:51] $scaled
INFO [2015-12-08 19:00:51] T
INFO [2015-12-08 19:00:51] 
INFO [2015-12-08 19:00:51] $main
INFO [2015-12-08 19:00:51] unique(splist[[x]]$Hummingbird)
INFO [2015-12-08 19:00:51] 
INFO [2015-12-08 19:00:51] $fill
INFO [2015-12-08 19:00:51] c("Red", "Blue")
INFO [2015-12-08 19:00:51] 
INFO [2015-12-08 19:00:51] $alpha
INFO [2015-12-08 19:00:51] [1] 0.5
INFO [2015-12-08 19:00:51] 
INFO [2015-12-08 19:00:51] $cat.cex
INFO [2015-12-08 19:00:51] [1] 1.5
INFO [2015-12-08 19:00:51] 
INFO [2015-12-08 19:00:51] $cex
INFO [2015-12-08 19:00:51] [1] 0.75
INFO [2015-12-08 19:00:51] 
INFO [2015-12-08 19:00:51] $main.cex
INFO [2015-12-08 19:00:51] [1] 2
INFO [2015-12-08 19:00:51] 
INFO [2015-12-08 19:00:51] [[1]]
INFO [2015-12-08 19:00:51] split_sp
INFO [2015-12-08 19:00:51] 
INFO [2015-12-08 19:00:51] $filename
INFO [2015-12-08 19:00:51] NULL
INFO [2015-12-08 19:00:51] 
INFO [2015-12-08 19:00:51] $scaled
INFO [2015-12-08 19:00:51] T
INFO [2015-12-08 19:00:51] 
INFO [2015-12-08 19:00:51] $main
INFO [2015-12-08 19:00:51] unique(splist[[x]]$Hummingbird)
INFO [2015-12-08 19:00:51] 
INFO [2015-12-08 19:00:51] $fill
INFO [2015-12-08 19:00:51] c("Red", "Blue")
INFO [2015-12-08 19:00:51] 
INFO [2015-12-08 19:00:51] $alpha
INFO [2015-12-08 19:00:51] [1] 0.5
INFO [2015-12-08 19:00:51] 
INFO [2015-12-08 19:00:51] $cat.cex
INFO [2015-12-08 19:00:51] [1] 1.5
INFO [2015-12-08 19:00:51] 
INFO [2015-12-08 19:00:51] $cex
INFO [2015-12-08 19:00:51] [1] 0.75
INFO [2015-12-08 19:00:51] 
INFO [2015-12-08 19:00:51] $main.cex
INFO [2015-12-08 19:00:51] [1] 2
INFO [2015-12-08 19:00:51] 
