INFO [2015-12-08 18:39:57] [[1]]
INFO [2015-12-08 18:39:57] split_sp
INFO [2015-12-08 18:39:57] 
INFO [2015-12-08 18:39:57] $filename
INFO [2015-12-08 18:39:57] NULL
INFO [2015-12-08 18:39:57] 
INFO [2015-12-08 18:39:57] $scaled
INFO [2015-12-08 18:39:57] T
INFO [2015-12-08 18:39:57] 
INFO [2015-12-08 18:39:57] $main
INFO [2015-12-08 18:39:57] unique(splist[[x]]$Hummingbird)
INFO [2015-12-08 18:39:57] 
INFO [2015-12-08 18:39:57] $fill
INFO [2015-12-08 18:39:57] c("Red", "Blue")
INFO [2015-12-08 18:39:57] 
INFO [2015-12-08 18:39:57] $alpha
INFO [2015-12-08 18:39:57] [1] 0.5
INFO [2015-12-08 18:39:57] 
INFO [2015-12-08 18:39:57] $cat.cex
INFO [2015-12-08 18:39:57] [1] 1.5
INFO [2015-12-08 18:39:57] 
INFO [2015-12-08 18:39:57] $cex
INFO [2015-12-08 18:39:57] [1] 0.75
INFO [2015-12-08 18:39:57] 
INFO [2015-12-08 18:39:57] $main.cex
INFO [2015-12-08 18:39:57] [1] 2
INFO [2015-12-08 18:39:57] 
