INFO [2015-12-08 17:13:33] [[1]]
INFO [2015-12-08 17:13:33] split_sp
INFO [2015-12-08 17:13:33] 
INFO [2015-12-08 17:13:33] $filename
INFO [2015-12-08 17:13:33] NULL
INFO [2015-12-08 17:13:33] 
INFO [2015-12-08 17:13:33] $scaled
INFO [2015-12-08 17:13:33] T
INFO [2015-12-08 17:13:33] 
INFO [2015-12-08 17:13:33] $main
INFO [2015-12-08 17:13:33] unique(splist[[x]]$Hummingbird)
INFO [2015-12-08 17:13:33] 
INFO [2015-12-08 17:13:33] $fill
INFO [2015-12-08 17:13:33] c("Red", "Blue")
INFO [2015-12-08 17:13:33] 
INFO [2015-12-08 17:13:33] $alpha
INFO [2015-12-08 17:13:33] [1] 0.5
INFO [2015-12-08 17:13:33] 
INFO [2015-12-08 17:13:33] $cat.cex
INFO [2015-12-08 17:13:33] [1] 0.5
INFO [2015-12-08 17:13:33] 
INFO [2015-12-08 17:13:33] $cex
INFO [2015-12-08 17:13:33] [1] 1
INFO [2015-12-08 17:13:33] 
