INFO [2015-12-08 17:13:32] [[1]]
INFO [2015-12-08 17:13:32] split_sp
INFO [2015-12-08 17:13:32] 
INFO [2015-12-08 17:13:32] $filename
INFO [2015-12-08 17:13:32] NULL
INFO [2015-12-08 17:13:32] 
INFO [2015-12-08 17:13:32] $scaled
INFO [2015-12-08 17:13:32] T
INFO [2015-12-08 17:13:32] 
INFO [2015-12-08 17:13:32] $main
INFO [2015-12-08 17:13:32] unique(splist[[x]]$Hummingbird)
INFO [2015-12-08 17:13:32] 
INFO [2015-12-08 17:13:32] $fill
INFO [2015-12-08 17:13:32] c("Red", "Blue")
INFO [2015-12-08 17:13:32] 
INFO [2015-12-08 17:13:32] $alpha
INFO [2015-12-08 17:13:32] [1] 0.5
INFO [2015-12-08 17:13:32] 
INFO [2015-12-08 17:13:32] $cat.cex
INFO [2015-12-08 17:13:32] [1] 0.5
INFO [2015-12-08 17:13:32] 
INFO [2015-12-08 17:13:32] $cex
INFO [2015-12-08 17:13:32] [1] 1
INFO [2015-12-08 17:13:32] 
INFO [2015-12-08 17:13:32] [[1]]
INFO [2015-12-08 17:13:32] split_sp
INFO [2015-12-08 17:13:32] 
INFO [2015-12-08 17:13:32] $filename
INFO [2015-12-08 17:13:32] NULL
INFO [2015-12-08 17:13:32] 
INFO [2015-12-08 17:13:32] $scaled
INFO [2015-12-08 17:13:32] T
INFO [2015-12-08 17:13:32] 
INFO [2015-12-08 17:13:32] $main
INFO [2015-12-08 17:13:32] unique(splist[[x]]$Hummingbird)
INFO [2015-12-08 17:13:32] 
INFO [2015-12-08 17:13:32] $fill
INFO [2015-12-08 17:13:32] c("Red", "Blue")
INFO [2015-12-08 17:13:32] 
INFO [2015-12-08 17:13:32] $alpha
INFO [2015-12-08 17:13:32] [1] 0.5
INFO [2015-12-08 17:13:32] 
INFO [2015-12-08 17:13:32] $cat.cex
INFO [2015-12-08 17:13:32] [1] 0.5
INFO [2015-12-08 17:13:32] 
INFO [2015-12-08 17:13:32] $cex
INFO [2015-12-08 17:13:32] [1] 1
INFO [2015-12-08 17:13:32] 
