INFO [2015-12-08 17:17:14] [[1]]
INFO [2015-12-08 17:17:14] split_sp
INFO [2015-12-08 17:17:14] 
INFO [2015-12-08 17:17:14] $filename
INFO [2015-12-08 17:17:14] NULL
INFO [2015-12-08 17:17:14] 
INFO [2015-12-08 17:17:14] $scaled
INFO [2015-12-08 17:17:14] T
INFO [2015-12-08 17:17:14] 
INFO [2015-12-08 17:17:14] $main
INFO [2015-12-08 17:17:14] unique(splist[[x]]$Hummingbird)
INFO [2015-12-08 17:17:14] 
INFO [2015-12-08 17:17:14] $fill
INFO [2015-12-08 17:17:14] c("Red", "Blue")
INFO [2015-12-08 17:17:14] 
INFO [2015-12-08 17:17:14] $alpha
INFO [2015-12-08 17:17:14] [1] 0.5
INFO [2015-12-08 17:17:14] 
INFO [2015-12-08 17:17:14] $cat.cex
INFO [2015-12-08 17:17:14] [1] 1.5
INFO [2015-12-08 17:17:14] 
INFO [2015-12-08 17:17:14] $cex
INFO [2015-12-08 17:17:14] [1] 0.5
INFO [2015-12-08 17:17:14] 
INFO [2015-12-08 17:17:14] $main.cex
INFO [2015-12-08 17:17:14] [1] 2
INFO [2015-12-08 17:17:14] 
