INFO [2015-12-08 17:12:47] [[1]]
INFO [2015-12-08 17:12:47] split_sp
INFO [2015-12-08 17:12:47] 
INFO [2015-12-08 17:12:47] $filename
INFO [2015-12-08 17:12:47] NULL
INFO [2015-12-08 17:12:47] 
INFO [2015-12-08 17:12:47] $scaled
INFO [2015-12-08 17:12:47] T
INFO [2015-12-08 17:12:47] 
INFO [2015-12-08 17:12:47] $main
INFO [2015-12-08 17:12:47] unique(splist[[x]]$Hummingbird)
INFO [2015-12-08 17:12:47] 
INFO [2015-12-08 17:12:47] $fill
INFO [2015-12-08 17:12:47] c("Red", "Blue")
INFO [2015-12-08 17:12:47] 
INFO [2015-12-08 17:12:47] $alpha
INFO [2015-12-08 17:12:47] [1] 0.5
INFO [2015-12-08 17:12:47] 
INFO [2015-12-08 17:12:47] $cat.cex
INFO [2015-12-08 17:12:47] [1] 1.5
INFO [2015-12-08 17:12:47] 
INFO [2015-12-08 17:12:47] $cex
INFO [2015-12-08 17:12:47] [1] 1.5
INFO [2015-12-08 17:12:47] 
