INFO [2015-12-08 19:00:46] [[1]]
INFO [2015-12-08 19:00:46] split_sp
INFO [2015-12-08 19:00:46] 
INFO [2015-12-08 19:00:46] $filename
INFO [2015-12-08 19:00:46] NULL
INFO [2015-12-08 19:00:46] 
INFO [2015-12-08 19:00:46] $scaled
INFO [2015-12-08 19:00:46] T
INFO [2015-12-08 19:00:46] 
INFO [2015-12-08 19:00:46] $main
INFO [2015-12-08 19:00:46] unique(splist[[x]]$Hummingbird)
INFO [2015-12-08 19:00:46] 
INFO [2015-12-08 19:00:46] $fill
INFO [2015-12-08 19:00:46] c("Red", "Blue")
INFO [2015-12-08 19:00:46] 
INFO [2015-12-08 19:00:46] $alpha
INFO [2015-12-08 19:00:46] [1] 0.5
INFO [2015-12-08 19:00:46] 
INFO [2015-12-08 19:00:46] $cat.cex
INFO [2015-12-08 19:00:46] [1] 1.5
INFO [2015-12-08 19:00:46] 
INFO [2015-12-08 19:00:46] $cex
INFO [2015-12-08 19:00:46] [1] 0.75
INFO [2015-12-08 19:00:46] 
INFO [2015-12-08 19:00:46] $main.cex
INFO [2015-12-08 19:00:46] [1] 2
INFO [2015-12-08 19:00:46] 
INFO [2015-12-08 19:00:46] [[1]]
INFO [2015-12-08 19:00:46] split_sp
INFO [2015-12-08 19:00:46] 
INFO [2015-12-08 19:00:46] $filename
INFO [2015-12-08 19:00:46] NULL
INFO [2015-12-08 19:00:46] 
INFO [2015-12-08 19:00:46] $scaled
INFO [2015-12-08 19:00:46] T
INFO [2015-12-08 19:00:46] 
INFO [2015-12-08 19:00:46] $main
INFO [2015-12-08 19:00:46] unique(splist[[x]]$Hummingbird)
INFO [2015-12-08 19:00:46] 
INFO [2015-12-08 19:00:46] $fill
INFO [2015-12-08 19:00:46] c("Red", "Blue")
INFO [2015-12-08 19:00:46] 
INFO [2015-12-08 19:00:46] $alpha
INFO [2015-12-08 19:00:46] [1] 0.5
INFO [2015-12-08 19:00:46] 
INFO [2015-12-08 19:00:46] $cat.cex
INFO [2015-12-08 19:00:46] [1] 1.5
INFO [2015-12-08 19:00:46] 
INFO [2015-12-08 19:00:46] $cex
INFO [2015-12-08 19:00:46] [1] 0.75
INFO [2015-12-08 19:00:46] 
INFO [2015-12-08 19:00:46] $main.cex
INFO [2015-12-08 19:00:46] [1] 2
INFO [2015-12-08 19:00:46] 
