INFO [2015-12-08 17:49:00] [[1]]
INFO [2015-12-08 17:49:00] split_sp
INFO [2015-12-08 17:49:00] 
INFO [2015-12-08 17:49:00] $filename
INFO [2015-12-08 17:49:00] NULL
INFO [2015-12-08 17:49:00] 
INFO [2015-12-08 17:49:00] $scaled
INFO [2015-12-08 17:49:00] T
INFO [2015-12-08 17:49:00] 
INFO [2015-12-08 17:49:00] $main
INFO [2015-12-08 17:49:00] unique(splist[[x]]$Hummingbird)
INFO [2015-12-08 17:49:00] 
INFO [2015-12-08 17:49:00] $fill
INFO [2015-12-08 17:49:00] c("Red", "Blue")
INFO [2015-12-08 17:49:00] 
INFO [2015-12-08 17:49:00] $alpha
INFO [2015-12-08 17:49:00] [1] 0.5
INFO [2015-12-08 17:49:00] 
INFO [2015-12-08 17:49:00] $cat.cex
INFO [2015-12-08 17:49:00] [1] 1.5
INFO [2015-12-08 17:49:00] 
INFO [2015-12-08 17:49:00] $cex
INFO [2015-12-08 17:49:00] [1] 0.75
INFO [2015-12-08 17:49:00] 
INFO [2015-12-08 17:49:00] $main.cex
INFO [2015-12-08 17:49:00] [1] 2
INFO [2015-12-08 17:49:00] 
