INFO [2015-12-08 16:55:06] [[1]]
INFO [2015-12-08 16:55:06] split_sp
INFO [2015-12-08 16:55:06] 
INFO [2015-12-08 16:55:06] $filename
INFO [2015-12-08 16:55:06] NULL
INFO [2015-12-08 16:55:06] 
INFO [2015-12-08 16:55:06] $scaled
INFO [2015-12-08 16:55:06] T
INFO [2015-12-08 16:55:06] 
INFO [2015-12-08 16:55:06] $main
INFO [2015-12-08 16:55:06] unique(splist[[x]]$Hummingbird)
INFO [2015-12-08 16:55:06] 
INFO [2015-12-08 16:55:06] [[1]]
INFO [2015-12-08 16:55:06] split_sp
INFO [2015-12-08 16:55:06] 
INFO [2015-12-08 16:55:06] $filename
INFO [2015-12-08 16:55:06] NULL
INFO [2015-12-08 16:55:06] 
INFO [2015-12-08 16:55:06] $scaled
INFO [2015-12-08 16:55:06] T
INFO [2015-12-08 16:55:06] 
INFO [2015-12-08 16:55:06] $main
INFO [2015-12-08 16:55:06] unique(splist[[x]]$Hummingbird)
INFO [2015-12-08 16:55:06] 
