INFO [2015-12-08 17:12:39] [[1]]
INFO [2015-12-08 17:12:39] split_sp
INFO [2015-12-08 17:12:39] 
INFO [2015-12-08 17:12:39] $filename
INFO [2015-12-08 17:12:39] NULL
INFO [2015-12-08 17:12:39] 
INFO [2015-12-08 17:12:39] $scaled
INFO [2015-12-08 17:12:39] T
INFO [2015-12-08 17:12:39] 
INFO [2015-12-08 17:12:39] $main
INFO [2015-12-08 17:12:39] unique(splist[[x]]$Hummingbird)
INFO [2015-12-08 17:12:39] 
INFO [2015-12-08 17:12:39] $fill
INFO [2015-12-08 17:12:39] c("Red", "Blue")
INFO [2015-12-08 17:12:39] 
INFO [2015-12-08 17:12:39] $alpha
INFO [2015-12-08 17:12:39] [1] 0.5
INFO [2015-12-08 17:12:39] 
INFO [2015-12-08 17:12:39] $cat.cex
INFO [2015-12-08 17:12:39] [1] 1.5
INFO [2015-12-08 17:12:39] 
INFO [2015-12-08 17:12:39] $cex
INFO [2015-12-08 17:12:39] [1] 1.5
INFO [2015-12-08 17:12:39] 
