INFO [2015-12-08 17:13:28] [[1]]
INFO [2015-12-08 17:13:28] split_sp
INFO [2015-12-08 17:13:28] 
INFO [2015-12-08 17:13:28] $filename
INFO [2015-12-08 17:13:28] NULL
INFO [2015-12-08 17:13:28] 
INFO [2015-12-08 17:13:28] $scaled
INFO [2015-12-08 17:13:28] T
INFO [2015-12-08 17:13:28] 
INFO [2015-12-08 17:13:28] $main
INFO [2015-12-08 17:13:28] unique(splist[[x]]$Hummingbird)
INFO [2015-12-08 17:13:28] 
INFO [2015-12-08 17:13:28] $fill
INFO [2015-12-08 17:13:28] c("Red", "Blue")
INFO [2015-12-08 17:13:28] 
INFO [2015-12-08 17:13:28] $alpha
INFO [2015-12-08 17:13:28] [1] 0.5
INFO [2015-12-08 17:13:28] 
INFO [2015-12-08 17:13:28] $cat.cex
INFO [2015-12-08 17:13:28] [1] 0.5
INFO [2015-12-08 17:13:28] 
INFO [2015-12-08 17:13:28] $cex
INFO [2015-12-08 17:13:28] [1] 1
INFO [2015-12-08 17:13:28] 
