INFO [2015-12-08 17:02:56] [[1]]
INFO [2015-12-08 17:02:56] split_sp
INFO [2015-12-08 17:02:56] 
INFO [2015-12-08 17:02:56] $filename
INFO [2015-12-08 17:02:56] NULL
INFO [2015-12-08 17:02:56] 
INFO [2015-12-08 17:02:56] $scaled
INFO [2015-12-08 17:02:56] T
INFO [2015-12-08 17:02:56] 
INFO [2015-12-08 17:02:56] $main
INFO [2015-12-08 17:02:56] unique(splist[[x]]$Hummingbird)
INFO [2015-12-08 17:02:56] 
INFO [2015-12-08 17:02:56] [[1]]
INFO [2015-12-08 17:02:56] split_sp
INFO [2015-12-08 17:02:56] 
INFO [2015-12-08 17:02:56] $filename
INFO [2015-12-08 17:02:56] NULL
INFO [2015-12-08 17:02:56] 
INFO [2015-12-08 17:02:56] $scaled
INFO [2015-12-08 17:02:56] T
INFO [2015-12-08 17:02:56] 
INFO [2015-12-08 17:02:56] $main
INFO [2015-12-08 17:02:56] unique(splist[[x]]$Hummingbird)
INFO [2015-12-08 17:02:56] 
