INFO [2015-12-08 18:43:19] [[1]]
INFO [2015-12-08 18:43:19] split_sp
INFO [2015-12-08 18:43:19] 
INFO [2015-12-08 18:43:19] $filename
INFO [2015-12-08 18:43:19] NULL
INFO [2015-12-08 18:43:19] 
INFO [2015-12-08 18:43:19] $scaled
INFO [2015-12-08 18:43:19] T
INFO [2015-12-08 18:43:19] 
INFO [2015-12-08 18:43:19] $main
INFO [2015-12-08 18:43:19] unique(splist[[x]]$Hummingbird)
INFO [2015-12-08 18:43:19] 
INFO [2015-12-08 18:43:19] $fill
INFO [2015-12-08 18:43:19] c("Red", "Blue")
INFO [2015-12-08 18:43:19] 
INFO [2015-12-08 18:43:19] $alpha
INFO [2015-12-08 18:43:19] [1] 0.5
INFO [2015-12-08 18:43:19] 
INFO [2015-12-08 18:43:19] $cat.cex
INFO [2015-12-08 18:43:19] [1] 1.5
INFO [2015-12-08 18:43:19] 
INFO [2015-12-08 18:43:19] $cex
INFO [2015-12-08 18:43:19] [1] 0.5
INFO [2015-12-08 18:43:19] 
INFO [2015-12-08 18:43:19] $main.cex
INFO [2015-12-08 18:43:19] [1] 2
INFO [2015-12-08 18:43:19] 
INFO [2015-12-08 18:43:19] [[1]]
INFO [2015-12-08 18:43:19] split_sp
INFO [2015-12-08 18:43:19] 
INFO [2015-12-08 18:43:19] $filename
INFO [2015-12-08 18:43:19] NULL
INFO [2015-12-08 18:43:19] 
INFO [2015-12-08 18:43:19] $scaled
INFO [2015-12-08 18:43:19] T
INFO [2015-12-08 18:43:19] 
INFO [2015-12-08 18:43:19] $main
INFO [2015-12-08 18:43:19] unique(splist[[x]]$Hummingbird)
INFO [2015-12-08 18:43:19] 
INFO [2015-12-08 18:43:19] $fill
INFO [2015-12-08 18:43:19] c("Red", "Blue")
INFO [2015-12-08 18:43:19] 
INFO [2015-12-08 18:43:19] $alpha
INFO [2015-12-08 18:43:19] [1] 0.5
INFO [2015-12-08 18:43:19] 
INFO [2015-12-08 18:43:19] $cat.cex
INFO [2015-12-08 18:43:19] [1] 1.5
INFO [2015-12-08 18:43:19] 
INFO [2015-12-08 18:43:19] $cex
INFO [2015-12-08 18:43:19] [1] 0.5
INFO [2015-12-08 18:43:19] 
INFO [2015-12-08 18:43:19] $main.cex
INFO [2015-12-08 18:43:19] [1] 2
INFO [2015-12-08 18:43:19] 
