INFO [2015-12-08 19:01:51] [[1]]
INFO [2015-12-08 19:01:51] split_sp
INFO [2015-12-08 19:01:51] 
INFO [2015-12-08 19:01:51] $filename
INFO [2015-12-08 19:01:51] NULL
INFO [2015-12-08 19:01:51] 
INFO [2015-12-08 19:01:51] $scaled
INFO [2015-12-08 19:01:51] T
INFO [2015-12-08 19:01:51] 
INFO [2015-12-08 19:01:51] $main
INFO [2015-12-08 19:01:51] unique(splist[[x]]$Hummingbird)
INFO [2015-12-08 19:01:51] 
INFO [2015-12-08 19:01:51] $fill
INFO [2015-12-08 19:01:51] c("Blue", "Red")
INFO [2015-12-08 19:01:51] 
INFO [2015-12-08 19:01:51] $alpha
INFO [2015-12-08 19:01:51] c(0.25, 0.75)
INFO [2015-12-08 19:01:51] 
INFO [2015-12-08 19:01:51] $cat.cex
INFO [2015-12-08 19:01:51] [1] 1.5
INFO [2015-12-08 19:01:51] 
INFO [2015-12-08 19:01:51] $cex
INFO [2015-12-08 19:01:51] [1] 0.75
INFO [2015-12-08 19:01:51] 
INFO [2015-12-08 19:01:51] $main.cex
INFO [2015-12-08 19:01:51] [1] 2
INFO [2015-12-08 19:01:51] 
