INFO [2015-12-08 18:39:49] [[1]]
INFO [2015-12-08 18:39:49] split_sp
INFO [2015-12-08 18:39:49] 
INFO [2015-12-08 18:39:49] $filename
INFO [2015-12-08 18:39:49] NULL
INFO [2015-12-08 18:39:49] 
INFO [2015-12-08 18:39:49] $scaled
INFO [2015-12-08 18:39:49] T
INFO [2015-12-08 18:39:49] 
INFO [2015-12-08 18:39:49] $main
INFO [2015-12-08 18:39:49] unique(splist[[x]]$Hummingbird)
INFO [2015-12-08 18:39:49] 
INFO [2015-12-08 18:39:49] $fill
INFO [2015-12-08 18:39:49] c("Red", "Blue")
INFO [2015-12-08 18:39:49] 
INFO [2015-12-08 18:39:49] $alpha
INFO [2015-12-08 18:39:49] [1] 0.5
INFO [2015-12-08 18:39:49] 
INFO [2015-12-08 18:39:49] $cat.cex
INFO [2015-12-08 18:39:49] [1] 1.5
INFO [2015-12-08 18:39:49] 
INFO [2015-12-08 18:39:49] $cex
INFO [2015-12-08 18:39:49] [1] 0.75
INFO [2015-12-08 18:39:49] 
INFO [2015-12-08 18:39:49] $main.cex
INFO [2015-12-08 18:39:49] [1] 2
INFO [2015-12-08 18:39:49] 
