INFO [2015-12-08 18:42:10] [[1]]
INFO [2015-12-08 18:42:10] split_sp
INFO [2015-12-08 18:42:10] 
INFO [2015-12-08 18:42:10] $filename
INFO [2015-12-08 18:42:10] NULL
INFO [2015-12-08 18:42:10] 
INFO [2015-12-08 18:42:10] $scaled
INFO [2015-12-08 18:42:10] T
INFO [2015-12-08 18:42:10] 
INFO [2015-12-08 18:42:10] $main
INFO [2015-12-08 18:42:10] unique(splist[[x]]$Hummingbird)
INFO [2015-12-08 18:42:10] 
INFO [2015-12-08 18:42:10] $fill
INFO [2015-12-08 18:42:10] c("Red", "Blue")
INFO [2015-12-08 18:42:10] 
INFO [2015-12-08 18:42:10] $alpha
INFO [2015-12-08 18:42:10] [1] 0.5
INFO [2015-12-08 18:42:10] 
INFO [2015-12-08 18:42:10] $cat.cex
INFO [2015-12-08 18:42:10] [1] 1.5
INFO [2015-12-08 18:42:10] 
INFO [2015-12-08 18:42:10] $cex
INFO [2015-12-08 18:42:10] [1] 0.5
INFO [2015-12-08 18:42:10] 
INFO [2015-12-08 18:42:10] $main.cex
INFO [2015-12-08 18:42:10] [1] 2
INFO [2015-12-08 18:42:10] 
