INFO [2015-12-08 17:02:17] [[1]]
INFO [2015-12-08 17:02:17] split_sp
INFO [2015-12-08 17:02:17] 
INFO [2015-12-08 17:02:17] $filename
INFO [2015-12-08 17:02:17] NULL
INFO [2015-12-08 17:02:17] 
INFO [2015-12-08 17:02:17] $scaled
INFO [2015-12-08 17:02:17] T
INFO [2015-12-08 17:02:17] 
INFO [2015-12-08 17:02:17] $main
INFO [2015-12-08 17:02:17] unique(splist[[x]]$Hummingbird)
INFO [2015-12-08 17:02:17] 
INFO [2015-12-08 17:02:17] [[1]]
INFO [2015-12-08 17:02:17] split_sp
INFO [2015-12-08 17:02:17] 
INFO [2015-12-08 17:02:17] $filename
INFO [2015-12-08 17:02:17] NULL
INFO [2015-12-08 17:02:17] 
INFO [2015-12-08 17:02:17] $scaled
INFO [2015-12-08 17:02:17] T
INFO [2015-12-08 17:02:17] 
INFO [2015-12-08 17:02:17] $main
INFO [2015-12-08 17:02:17] unique(splist[[x]]$Hummingbird)
INFO [2015-12-08 17:02:17] 
